"../../../Engine/Content/Animation/DefaultAnimBoneCompressionSettings.uasset" 0
"../../../../../../Git/techStadium/UE4/ts_ue4_stu_202007/90_FinalProject/TrampolineForSpace/Content/SoulCave/Blueprints/FirstPersonCharacter.uasset" 1
"../../../Engine/Content/Functions/Engine_MaterialFunctions01/Opacity/CameraDepthFade.uasset" 2
"../../../Engine/Content/EngineMaterials/T_Default_Material_Grid_M.uasset" 3
"../../../Engine/Content/EngineMaterials/T_Default_Material_Grid_N.uasset" 4
"../../../Engine/Content/EngineMaterials/WorldGridMaterial.uasset" 5
"../../../../../../Git/techStadium/UE4/ts_ue4_stu_202007/90_FinalProject/TrampolineForSpace/Content/SoulCave/EffectsMobile/Water/Meshes/SM_Ripple_Wide.uasset" 6
"../../../../../../Git/techStadium/UE4/ts_ue4_stu_202007/90_FinalProject/TrampolineForSpace/Content/SoulCave/Environment/Textures/Building/T_LV_SoulDistanceBD02_D.uasset" 7
"../../../../../../Git/techStadium/UE4/ts_ue4_stu_202007/90_FinalProject/TrampolineForSpace/Content/SoulCave/Environment/Textures/Rock/T_Cave_Rock_Small_N.uasset" 8
"../../../../../../Git/techStadium/UE4/ts_ue4_stu_202007/90_FinalProject/TrampolineForSpace/Content/SoulCave/Environment/Materials/Building/M_LV_SoulDistanceBD002_M2.uasset" 9
"../../../../../../Git/techStadium/UE4/ts_ue4_stu_202007/90_FinalProject/TrampolineForSpace/Content/SoulCave/Environment/Meshes/Building_Slum/SM_LV_Soul_Slum_signpost.uasset" 10
"../../../Engine/Content/Functions/Engine_MaterialFunctions01/Shading/FuzzyShading.uasset" 11
"../../../../../../Git/techStadium/UE4/ts_ue4_stu_202007/90_FinalProject/TrampolineForSpace/Content/SoulCave/Environment/Textures/Building_Slum/T_Slums_Cloth_M.uasset" 12
"../../../../../../Git/techStadium/UE4/ts_ue4_stu_202007/90_FinalProject/TrampolineForSpace/Content/SoulCave/Environment/Textures/Building_Slum/T_Slums_Cloth_N.uasset" 13
"../../../../../../Git/techStadium/UE4/ts_ue4_stu_202007/90_FinalProject/TrampolineForSpace/Content/SoulCave/Environment/Materials/Building/M_Slums_Cloth_.uasset" 14
"../../../../../../Git/techStadium/UE4/ts_ue4_stu_202007/90_FinalProject/TrampolineForSpace/Content/SoulCave/Environment/Materials/Building/MI_Slums_Cloth_01.uasset" 15
"../../../../../../Git/techStadium/UE4/ts_ue4_stu_202007/90_FinalProject/TrampolineForSpace/Content/SoulCave/Environment/Meshes/Building_Slum/SM_Slums_Cloth_01b.uasset" 16
"../../../Engine/Content/Functions/Engine_MaterialFunctions02/Utility/BlendAngleCorrectedNormals.uasset" 17
"../../../Engine/Content/Functions/MaterialLayerFunctions/MatLayerBlend_Standard.uasset" 18
"../../../Engine/Content/Functions/MaterialLayerFunctions/MatLayerBlend_Tint.uasset" 19
"../../../../../../Git/techStadium/UE4/ts_ue4_stu_202007/90_FinalProject/TrampolineForSpace/Content/SoulCave/Environment/Textures/Nature/T_Cave_Dirt_D.uasset" 20
"../../../../../../Git/techStadium/UE4/ts_ue4_stu_202007/90_FinalProject/TrampolineForSpace/Content/SoulCave/Environment/Textures/Nature/T_Cave_Dirt_N.uasset" 21
"../../../../../../Git/techStadium/UE4/ts_ue4_stu_202007/90_FinalProject/TrampolineForSpace/Content/SoulCave/Environment/Materials/Functions/MF_Dirt_Wet_JM.uasset" 22
"../../../../../../Git/techStadium/UE4/ts_ue4_stu_202007/90_FinalProject/TrampolineForSpace/Content/SoulCave/Environment/Textures/Rock/T_Cave_Mud_N.uasset" 23
"../../../../../../Git/techStadium/UE4/ts_ue4_stu_202007/90_FinalProject/TrampolineForSpace/Content/SoulCave/Environment/Textures/Rock/T_Cave_Rock_Stalactite_M.uasset" 24
"../../../../../../Git/techStadium/UE4/ts_ue4_stu_202007/90_FinalProject/TrampolineForSpace/Content/SoulCave/Environment/Materials/Functions/MF_GroundWetnessAlpha_JM.uasset" 25
"../../../../../../Git/techStadium/UE4/ts_ue4_stu_202007/90_FinalProject/TrampolineForSpace/Content/SoulCave/Environment/Textures/Rock/T_Cave_Mud_D.uasset" 26
"../../../../../../Git/techStadium/UE4/ts_ue4_stu_202007/90_FinalProject/TrampolineForSpace/Content/SoulCave/Environment/Materials/Functions/MF_Mud_Wet_JM.uasset" 27
"../../../../../../Git/techStadium/UE4/ts_ue4_stu_202007/90_FinalProject/TrampolineForSpace/Content/SoulCave/Environment/Materials/Functions/MF_VertexBlend_JM.uasset" 28
"../../../../../../Git/techStadium/UE4/ts_ue4_stu_202007/90_FinalProject/TrampolineForSpace/Content/SoulCave/Environment/Materials/Rocks/M_Cave_Ground_MASTER.uasset" 29
"../../../../../../Git/techStadium/UE4/ts_ue4_stu_202007/90_FinalProject/TrampolineForSpace/Content/SoulCave/Environment/Meshes/Nature/SM_Cave_Floor_Plane_100_10.uasset" 30
"../../../../../../Git/techStadium/UE4/ts_ue4_stu_202007/90_FinalProject/TrampolineForSpace/Content/SoulCave/Environment/Textures/Foliage/T_Cave_LeavePile_N.uasset" 31
"../../../../../../Git/techStadium/UE4/ts_ue4_stu_202007/90_FinalProject/TrampolineForSpace/Content/SoulCave/Environment/Textures/Foliage/T_Cave_LeavePile_D.uasset" 32
"../../../../../../Git/techStadium/UE4/ts_ue4_stu_202007/90_FinalProject/TrampolineForSpace/Content/SoulCave/Environment/Materials/Foliage/M_Cave_LeafPiles.uasset" 33
"../../../../../../Git/techStadium/UE4/ts_ue4_stu_202007/90_FinalProject/TrampolineForSpace/Content/SoulCave/Environment/Meshes/Nature/SM_Cave_Leaf_Pile01.uasset" 34
"../../../../../../Git/techStadium/UE4/ts_ue4_stu_202007/90_FinalProject/TrampolineForSpace/Content/SoulCave/Environment/Meshes/Nature/SM_Ground_Plane_Hump01.uasset" 35
"../../../../../../Git/techStadium/UE4/ts_ue4_stu_202007/90_FinalProject/TrampolineForSpace/Content/SoulCave/Environment/Meshes/Nature/SM_Ground_Plane_Warble.uasset" 36
"../../../Engine/Content/EngineMaterials/HighResolutionScreenshotMaskFunction.uasset" 37
"../../../Engine/Content/EngineMaterials/HighResScreenshot.uasset" 38
"../../../Engine/Content/Functions/Engine_MaterialFunctions02/Utility/BreakOutFloat2Components.uasset" 39
"../../../Engine/Content/EngineMaterials/HighResScreenshotCaptureRegion.uasset" 40
"../../../Engine/Content/EngineMaterials/HighResScreenshotMask.uasset" 41
"../../../Engine/Content/EngineMaterials/LandscapeHolePhysicalMaterial.uasset" 42
"../../../Engine/Content/EngineMaterials/InvalidLightmapSettings.uasset" 43
"../../../Engine/Content/EngineMaterials/M_InvalidLightmapSettings.uasset" 44
"../../../Engine/Content/EngineMaterials/PaperDiffuse.uasset" 45
"../../../Engine/Content/EngineMaterials/PaperNormal.uasset" 46
"../../../Engine/Content/Functions/Engine_MaterialFunctions02/WorldPositionOffset/CameraOffset.uasset" 47
"../../../Engine/Content/EngineMaterials/PhAT_JointLimitMaterial.uasset" 48
"../../../Engine/Content/EngineMaterials/PhysMat_Rubber.uasset" 49
"../../../Engine/Content/EngineMaterials/PreintegratedSkinBRDF.uasset" 50
"../../../Engine/Content/EngineMaterials/RemoveSurfaceMaterial.uasset" 51
"../../../Engine/Content/EngineMaterials/WeightMapPlaceholderTexture.uasset" 52
"../../../Engine/Content/Functions/Engine_MaterialFunctions01/ImageAdjustment/sRGBToLinear.uasset" 53
"../../../Engine/Content/Functions/Engine_MaterialFunctions02/Utility/BreakOutFloat3Components.uasset" 54
"../../../Engine/Content/Functions/Engine_MaterialFunctions02/Utility/MakeFloat3.uasset" 55
"../../../Engine/Content/EngineResources/WhiteSquareTexture.uasset" 56
"../../../Engine/Content/EngineMaterials/Widget3DCameraPassThrough_Opaque_OneSided.uasset" 57
"../../../Engine/Content/EngineMaterials/Widget3DPassThrough.uasset" 58
"../../../Engine/Content/EngineMaterials/Widget3DPassThrough_Masked.uasset" 59
"../../../Engine/Content/EngineMaterials/Widget3DPassThrough_Opaque.uasset" 60
"../../../Engine/Content/EngineMaterials/Widget3DPassThrough_Masked_OneSided.uasset" 61
"../../../Engine/Content/EngineMaterials/Widget3DPassThrough_Opaque_OneSided.uasset" 62
"../../../Engine/Content/EngineMaterials/Widget3DPassThrough_Translucent.uasset" 63
"../../../Engine/Content/EngineMaterials/Widget3DPassThrough_Translucent_OneSided.uasset" 64
"../../../Engine/Content/EngineMaterials/DefaultMaterial.uasset" 65
"../../../Engine/Content/EngineMeshes/Cylinder.uasset" 66
"../../../Engine/Content/EngineMeshes/Sphere.uasset" 67
"../../../Engine/Content/EngineResources/Black.uasset" 68
"../../../Engine/Content/EngineResources/DefaultTexture.uasset" 69
"../../../Engine/Content/EngineResources/DefaultTextureCube.uasset" 70
"../../../Engine/Content/EngineResources/DefaultVolumeTexture2D.uasset" 71
"../../../Engine/Content/EngineResources/DefaultVolumeTexture.uasset" 72
"../../../Engine/Content/EngineResources/GradientTexture0.uasset" 73
"../../../Engine/Content/EngineResources/StreamingPauseIcon.uasset" 74
"../../../Engine/Content/EngineResources/M_StreamingPause.uasset" 75
"../../../Engine/Content/EngineSounds/Master.uasset" 76
"../../../Engine/Content/Functions/Engine_MaterialFunctions01/Shading/PowerToRoughness.uasset" 77
"../../../Engine/Content/Maps/Entry_BuiltData.uasset" 78
"../../../Engine/Content/Maps/Templates/Thumbnails/Default.uasset" 79
"../../../Engine/Content/Maps/Templates/Thumbnails/TimeOfDay.uasset" 80
"../../../Engine/Content/Maps/Templates/Thumbnails/VR-Basic.uasset" 81
"../../../Engine/Content/MapTemplates/Sky/DaylightAmbientCubemap.uasset" 82
"../../../Engine/Content/MobileResources/T_MobileControls_texture.uasset" 83
"../../../Engine/Content/MobileResources/T_MobileMenu2.uasset" 84
"../../../Engine/Content/MobileResources/HUD/AnalogHat.uasset" 85
"../../../Engine/Content/MobileResources/HUD/VirtualJoystick_Background.uasset" 86
"../../../Engine/Content/MobileResources/HUD/VirtualJoystick_Thumb.uasset" 87
"../../../Engine/Content/MobileResources/HUD/DefaultVirtualJoysticks.uasset" 88
"../../../Engine/Content/MobileResources/HUD/LeftVirtualJoystickOnly.uasset" 89
"../../../Engine/Content/MobileResources/HUD/MobileHUDButton1_off.uasset" 90
"../../../Engine/Content/MobileResources/HUD/MobileHUDButton1_on.uasset" 91
"../../../Engine/Content/MobileResources/HUD/MobileHUDButton2_off.uasset" 92
"../../../Engine/Content/MobileResources/HUD/MobileHUDButton2_on.uasset" 93
"../../../Engine/Content/MobileResources/HUD/MobileHUDButton3.uasset" 94
"../../../Engine/Content/MobileResources/HUD/MobileHUDButtonFire.uasset" 95
"../../../Engine/Content/MobileResources/HUD/MobileHUDDirectionPad.uasset" 96
"../../../Engine/Content/MobileResources/HUD/MobileHUDDirectionPad2.uasset" 97
"../../../Engine/Content/MobileResources/HUD/MobileHUDDirectionPad3.uasset" 98
"../../../Engine/Content/MobileResources/HUD/MobileHUDDirectionStick.uasset" 99
"../../../Engine/Content/MobileResources/HUD/T_Castle_ThumbstickInner.uasset" 100
"../../../Engine/Content/MobileResources/HUD/T_Castle_ThumbstickOutter.uasset" 101
"../../../Engine/Content/Tutorial/ContentIntroCurve.uasset" 102
"../../../Engine/Content/Tutorial/Basics/LevelEditorAttract.uasset" 103
"../../../Engine/Content/Tutorial/Basics/TutorialAssets/icon_tab_Levels_40x.uasset" 104
"../../../Engine/Content/Tutorial/Basics/LevelEditorOverview.uasset" 105
"../../../Engine/Content/Tutorial/BlueprintTutorials/TutorialAssets/Blueprint_64x.uasset" 106
"../../../Engine/Content/Tutorial/BlueprintTutorials/BlueprintEditorTutorial.uasset" 107
"../../../Engine/Content/Tutorial/BlueprintTutorials/TutorialAssets/Tutorial_BP_MacroLib.uasset" 108
"../../../Engine/Content/VREditor/LaserPointer/VR_LaserPower_01.uasset" 109
"../../../Engine/Content/VREditor/TransformGizmo/TransformGizmoMaterial.uasset" 110
"../../../Engine/Content/VREditor/TransformGizmo/TranslucentTransformGizmoMaterial.uasset" 111
"../../../Engine/Content/VREditor/TransformGizmo/BoundingBoxCorner.uasset" 112
"../../../Engine/Content/VREditor/TransformGizmo/BoundingBoxEdge.uasset" 113
"../../../Engine/Content/VREditor/TransformGizmo/PlaneTranslationHandle.uasset" 114
"../../../Engine/Content/VREditor/TransformGizmo/Main.uasset" 115
"../../../Engine/Content/VREditor/TransformGizmo/Xray.uasset" 116
"../../../Engine/Content/VREditor/TransformGizmo/SM_Sequencer_Key.uasset" 117
"../../../Engine/Content/VREditor/TransformGizmo/SM_Sequencer_Node.uasset" 118
"../../../../../../Git/techStadium/UE4/ts_ue4_stu_202007/90_FinalProject/TrampolineForSpace/Content/SideScrollerBP/SideScrollerOverview.uasset" 119
"../../../Engine/Content/Animation/DefaultAnimCurveCompressionSettings.uasset" 120
"../../../Engine/Content/ArtTools/RenderToTexture/Enums/RenderToTexture_Enum.uasset" 121
"../../../Engine/Content/ArtTools/RenderToTexture/Enums/RenderToTexture_Flipbook_Enum.uasset" 122
"../../../Engine/Content/ArtTools/RenderToTexture/Enums/RenderToTexture_Imposter_Enum.uasset" 123
"../../../Engine/Content/EditorBlueprintResources/StandardMacros.uasset" 124
"../../../Engine/Content/ArtTools/RenderToTexture/Enums/EIntTypes.uasset" 125
"../../../Engine/Content/ArtTools/RenderToTexture/Macros/RenderToTextureFunctionLibrary.uasset" 126
"../../../Engine/Content/ArtTools/RenderToTexture/Enums/EFloatTypes.uasset" 127
"../../../Engine/Content/ArtTools/RenderToTexture/Macros/RenderToTextureMacros.uasset" 128
"../../../Engine/Content/ArtTools/RenderToTexture/Meshes/S_1_Unit_Plane.uasset" 129
"../../../Engine/Content/BasicShapes/Cone.uasset" 130
"../../../Engine/Content/BasicShapes/Cylinder.uasset" 131
"../../../Engine/Content/BasicShapes/Plane.uasset" 132
"../../../Engine/Content/BasicShapes/Sphere.uasset" 133
"../../../Engine/Content/EngineMaterials/DefaultPhysicalMaterial.uasset" 134
"../../../Engine/Content/BufferVisualization/AmbientOcclusion.uasset" 135
"../../../Engine/Content/BufferVisualization/BaseColor.uasset" 136
"../../../Engine/Content/BufferVisualization/CustomDepth.uasset" 137
"../../../Engine/Content/Functions/Engine_MaterialFunctions02/Utility/VectorLength.uasset" 138
"../../../Engine/Content/BufferVisualization/CustomDepthWorldUnits.uasset" 139
"../../../Engine/Content/Functions/Engine_MaterialFunctions01/Texturing/ScaleUVsByCenter.uasset" 140
"../../../Engine/Content/Functions/Engine_MaterialFunctions02/ScreenResolution.uasset" 141
"../../../Engine/Content/Functions/Engine_MaterialFunctions02/Texturing/ScreenAlignedUVs.uasset" 142
"../../../Engine/Content/Functions/Engine_MaterialFunctions02/Utility/MakeFloat2.uasset" 143
"../../../Engine/Content/EngineMaterials/MiniFont.uasset" 144
"../../../Engine/Content/BufferVisualization/CustomStencil.uasset" 145
"../../../Engine/Content/BufferVisualization/FinalImage.uasset" 146
"../../../Engine/Content/BufferVisualization/LightingModel.uasset" 147
"../../../Engine/Content/BufferVisualization/MaterialAO.uasset" 148
"../../../Engine/Content/BufferVisualization/Metallic.uasset" 149
"../../../Engine/Content/BufferVisualization/Opacity.uasset" 150
"../../../Engine/Content/BufferVisualization/PostTonemapHDRColor.uasset" 151
"../../../Engine/Content/BufferVisualization/PreTonemapHDRColor.uasset" 152
"../../../Engine/Content/BufferVisualization/Roughness.uasset" 153
"../../../Engine/Content/BufferVisualization/SceneColor.uasset" 154
"../../../Engine/Content/BufferVisualization/SceneDepth.uasset" 155
"../../../Engine/Content/BufferVisualization/SceneDepthWorldUnits.uasset" 156
"../../../Engine/Content/BufferVisualization/SeparateTranslucencyA.uasset" 157
"../../../Engine/Content/BufferVisualization/SeparateTranslucencyRGB.uasset" 158
"../../../Engine/Content/BufferVisualization/Specular.uasset" 159
"../../../Engine/Content/BufferVisualization/SubsurfaceColor.uasset" 160
"../../../Engine/Content/BufferVisualization/Velocity.uasset" 161
"../../../Engine/Content/BufferVisualization/WorldNormal.uasset" 162
"../../../Engine/Content/EditorBlueprintResources/ActorMacros.uasset" 163
"../../../Engine/Content/EditorLandscapeResources/DataLayer.uasset" 164
"../../../Engine/Content/EditorLandscapeResources/DefaultAlphaTexture.uasset" 165
"../../../Engine/Content/EditorLandscapeResources/LandscapeGizmoHeight_Mat.uasset" 166
"../../../Engine/Content/EditorLandscapeResources/LandscapeGizmo_Mat.uasset" 167
"../../../Engine/Content/EditorLandscapeResources/LandscapeGizmo_Mat_Copied.uasset" 168
"../../../Engine/Content/EditorLandscapeResources/SplineEditorMeshMat.uasset" 169
"../../../Engine/Content/EditorLandscapeResources/SplineEditorMesh.uasset" 170
"../../../Engine/Content/EditorMaterials/Cross.uasset" 171
"../../../Engine/Content/EditorMaterials/Cross_Mat.uasset" 172
"../../../Engine/Content/EngineMaterials/DefaultDiffuse.uasset" 173
"../../../Engine/Content/Functions/Engine_MaterialFunctions01/Texturing/TextureCropping.uasset" 174
"../../../Engine/Content/Functions/Engine_MaterialFunctions01/Texturing/ComputeMipLevel.uasset" 175
"../../../Engine/Content/Functions/Engine_MaterialFunctions02/ExampleContent/DebugNumberStrip.uasset" 176
"../../../Engine/Content/Functions/Engine_MaterialFunctions02/ExampleContent/Textures/DebugNumberPeriod.uasset" 177
"../../../Engine/Content/Functions/Engine_MaterialFunctions02/Utility/DebugScalarValues.uasset" 178
"../../../Engine/Content/Functions/Engine_MaterialFunctions02/Utility/DebugFloat2Values.uasset" 179
"../../../Engine/Content/Functions/Engine_MaterialFunctions02/ExampleContent/Textures/flipbook.uasset" 180
"../../../Engine/Content/Functions/Engine_MaterialFunctions02/Texturing/FlipBook.uasset" 181
"../../../Engine/Content/Functions/Engine_MaterialFunctions02/Utility/Sign.uasset" 182
"../../../Engine/Content/Functions/Engine_MaterialFunctions02/Utility/Round.uasset" 183
"../../../Engine/Content/EditorResources/T_EditorHelp.uasset" 184
"../../../Engine/Content/EditorMaterials/HelpActorMaterial.uasset" 185
"../../../Engine/Content/EditorMaterials/CompositeARGBLayer.uasset" 186
"../../../Engine/Content/EditorMaterials/TilingAALineIntegral.uasset" 187
"../../../Engine/Content/EditorMaterials/TilingAALineBoxFiltered.uasset" 188
"../../../Engine/Content/Functions/Engine_MaterialFunctions03/Procedurals/ComputeFilterWidth.uasset" 189
"../../../Engine/Content/EditorMaterials/TilingAADots.uasset" 190
"../../../Engine/Content/EngineMaterials/BlendFunc_DefBase.uasset" 191
"../../../Engine/Content/EngineMaterials/BlendFunc_DefBlend.uasset" 192
"../../../Engine/Content/Functions/Engine_MaterialFunctions03/Blends/Blend_Screen.uasset" 193
"../../../Engine/Content/EditorMaterials/TilingAAGrid.uasset" 194
"../../../Engine/Content/EditorMaterials/LevelGridMaterial.uasset" 195
"../../../Engine/Content/EditorMaterials/MakeCompositeARGBLayer.uasset" 196
"../../../Engine/Content/EditorResources/LevelGrid1DStripes.uasset" 197
"../../../Engine/Content/EditorMaterials/TextureGridCascaded1D.uasset" 198
"../../../Engine/Content/EditorMaterials/TextureGridCascaded2D.uasset" 199
"../../../Engine/Content/EditorMaterials/LevelGridMaterial2.uasset" 200
"../../../Engine/Content/EditorMaterials/MAT_Groups_Toggle.uasset" 201
"../../../Engine/Content/EditorMaterials/MAT_Groups_Visibility.uasset" 202
"../../../Engine/Content/EditorMaterials/AntialiasedGridFloor.uasset" 203
"../../../Engine/Content/EditorResources/TilePatine_D.uasset" 204
"../../../Engine/Content/EditorResources/TilePatine_N.uasset" 205
"../../../Engine/Content/EngineMaterials/Grid.uasset" 206
"../../../Engine/Content/EditorMaterials/PersonaFloorMat.uasset" 207
"../../../Engine/Content/EditorMaterials/PhAT_BoneSelectedMaterial.uasset" 208
"../../../Engine/Content/EditorMaterials/PhAT_ElemSelectedMaterial.uasset" 209
"../../../Engine/Content/EditorMaterials/PhAT_NoCollisionMaterial.uasset" 210
"../../../Engine/Content/EditorMaterials/PhAT_UnselectedMaterial.uasset" 211
"../../../Engine/Content/EditorMaterials/PreviewShadowIndicator.uasset" 212
"../../../Engine/Content/EditorMaterials/PreviewShadowIndicatorMaterial.uasset" 213
"../../../Engine/Content/EditorMaterials/TargetIcon.uasset" 214
"../../../Engine/Content/EditorMaterials/Tick.uasset" 215
"../../../Engine/Content/EditorMaterials/Tick_Mat.uasset" 216
"../../../Engine/Content/EditorMaterials/WidgetGridVertexColorMaterial.uasset" 217
"../../../Engine/Content/EditorMaterials/WidgetGridVertexColorMaterial_Ma.uasset" 218
"../../../Engine/Content/EditorMaterials/WidgetMaterial.uasset" 219
"../../../Engine/Content/EditorMaterials/WidgetMaterial_Current.uasset" 220
"../../../Engine/Content/EditorMaterials/WidgetMaterial_X.uasset" 221
"../../../Engine/Content/EditorMaterials/WidgetMaterial_Y.uasset" 222
"../../../Engine/Content/EditorMaterials/WidgetMaterial_Z.uasset" 223
"../../../Engine/Content/EditorMaterials/WidgetVertexColorMaterial.uasset" 224
"../../../Engine/Content/EditorMaterials/MatineeGroups/MAT_ColorTrack.uasset" 225
"../../../Engine/Content/EditorMaterials/MatineeGroups/MAT_Groups_Anim.uasset" 226
"../../../Engine/Content/EditorMaterials/MatineeGroups/MAT_Groups_AudioMaster.uasset" 227
"../../../Engine/Content/EditorMaterials/MatineeGroups/MAT_Groups_Director.uasset" 228
"../../../Engine/Content/EditorMaterials/MatineeGroups/MAT_Groups_Event.uasset" 229
"../../../Engine/Content/EditorMaterials/MatineeGroups/MAT_Groups_Fade.uasset" 230
"../../../Engine/Content/EditorMaterials/MatineeGroups/MAT_Groups_Float.uasset" 231
"../../../Engine/Content/EditorMaterials/MatineeGroups/MAT_Groups_Move.uasset" 232
"../../../Engine/Content/EditorMaterials/MatineeGroups/MAT_Groups_Slomo.uasset" 233
"../../../Engine/Content/EditorMaterials/MatineeGroups/MAT_Groups_Sound.uasset" 234
"../../../Engine/Content/EditorMaterials/MatineeGroups/MAT_Groups_Vector.uasset" 235
"../../../Engine/Content/EditorMaterials/ParticleSystems/PSysThumbnail_NoImage.uasset" 236
"../../../Engine/Content/EditorMaterials/ParticleSystems/PSysThumbnail_OOD.uasset" 237
"../../../Engine/Content/EditorMaterials/Thumbnails/FloorPlaneMaterial.uasset" 238
"../../../Engine/Content/EditorMeshes/EditorCube.uasset" 239
"../../../Engine/Content/EditorMeshes/EditorCylinder.uasset" 240
"../../../Engine/Content/EditorMeshes/EditorPlane.uasset" 241
"../../../Engine/Content/EditorMaterials/Thumbnails/SkySphereMaterial.uasset" 242
"../../../Engine/Content/EditorMeshes/EditorSkySphere.uasset" 243
"../../../Engine/Content/EditorMeshes/EditorSphere.uasset" 244
"../../../Engine/Content/EditorResources/MatineeCam_D.uasset" 245
"../../../Engine/Content/EditorMaterials/MatineeCam_mat.uasset" 246
"../../../Engine/Content/EditorMeshes/MatineeCam_SM.uasset" 247
"../../../Engine/Content/Functions/Engine_MaterialFunctions01/Shading/ConvertFromDiffSpec.uasset" 248
"../../../Engine/Content/EditorMaterials/GridMaterial.uasset" 249
"../../../Engine/Content/EditorMeshes/PhAT_FloorBox.uasset" 250
"../../../Engine/Content/EditorMeshes/PlanarReflectionPlane.uasset" 251
"../../../Engine/Content/EditorMaterials/Camera/CineMat.uasset" 252
"../../../Engine/Content/EditorMaterials/Camera/MI_CineMat_CameraBody.uasset" 253
"../../../Engine/Content/EngineDebugMaterials/M_SimpleOpaque.uasset" 254
"../../../Engine/Content/EditorMaterials/Camera/MI_CineMat_CamViewFinder.uasset" 255
"../../../Engine/Content/EditorMeshes/Camera/SM_CineCam.uasset" 256
"../../../Engine/Content/EditorMaterials/Camera/MI_CineMat_Rig.uasset" 257
"../../../Engine/Content/EditorMeshes/Camera/SM_CraneRig_Arm.uasset" 258
"../../../Engine/Content/EditorMeshes/Camera/SM_CraneRig_Base.uasset" 259
"../../../Engine/Content/EditorMeshes/Camera/SM_CraneRig_Body.uasset" 260
"../../../Engine/Content/EditorMeshes/Camera/SM_CraneRig_Mount.uasset" 261
"../../../Engine/Content/EditorMeshes/Camera/SM_RailRig_Mount.uasset" 262
"../../../Engine/Content/EditorMeshes/Camera/SM_RailRig_Track.uasset" 263
"../../../Engine/Content/EditorMeshes/ColorCalibrator/M_ChromeBall.uasset" 264
"../../../Engine/Content/EditorResources/Bad.uasset" 265
"../../../Engine/Content/EditorResources/BSPVertex.uasset" 266
"../../../Engine/Content/EditorResources/EmptyActor.uasset" 267
"../../../Engine/Content/EditorResources/MatInstActSprite.uasset" 268
"../../../Engine/Content/EditorResources/SceneManager.uasset" 269
"../../../Engine/Content/EditorResources/SmallFont.uasset" 270
"../../../Engine/Content/EditorResources/S_Actor.uasset" 271
"../../../Engine/Content/EditorResources/S_CameraShakeSource.uasset" 272
"../../../Engine/Content/EditorResources/S_DecalActorIcon.uasset" 273
"../../../Engine/Content/EditorResources/S_Emitter.uasset" 274
"../../../Engine/Content/EditorResources/S_ExpoHeightFog.uasset" 275
"../../../Engine/Content/EditorResources/S_FTest.uasset" 276
"../../../Engine/Content/EditorResources/S_KBSJoint.uasset" 277
"../../../Engine/Content/EditorResources/S_KHinge.uasset" 278
"../../../Engine/Content/EditorResources/S_KPrismatic.uasset" 279
"../../../Engine/Content/EditorResources/S_LevelSequence.uasset" 280
"../../../Engine/Content/EditorResources/S_NavP.uasset" 281
"../../../Engine/Content/EditorResources/S_Note.uasset" 282
"../../../Engine/Content/EditorResources/S_Player.uasset" 283
"../../../Engine/Content/EditorResources/S_PortalActorIcon2.uasset" 284
"../../../Engine/Content/EditorResources/S_RadForce.uasset" 285
"../../../Engine/Content/EditorResources/S_ReflActorIcon.uasset" 286
"../../../Engine/Content/EditorResources/S_SkyAtmosphere.uasset" 287
"../../../Engine/Content/EditorResources/S_Solver.uasset" 288
"../../../Engine/Content/EditorResources/S_Terrain.uasset" 289
"../../../Engine/Content/EditorResources/S_TextRenderActorIcon.uasset" 290
"../../../Engine/Content/EditorResources/S_Thruster.uasset" 291
"../../../Engine/Content/EditorResources/S_Trigger.uasset" 292
"../../../Engine/Content/EditorResources/S_VectorFieldVol.uasset" 293
"../../../Engine/Content/EditorResources/S_WindDirectional.uasset" 294
"../../../Engine/Content/EditorResources/AI/S_NavLink.uasset" 295
"../../../Engine/Content/EditorResources/LightIcons/SkyLight.uasset" 296
"../../../Engine/Content/EditorResources/LightIcons/S_LightDirectional.uasset" 297
"../../../Engine/Content/EditorResources/LightIcons/S_LightDirectionalMove.uasset" 298
"../../../Engine/Content/EditorResources/LightIcons/S_LightError.uasset" 299
"../../../Engine/Content/EditorResources/LightIcons/S_LightPoint.uasset" 300
"../../../Engine/Content/EditorResources/LightIcons/S_LightPointMove.uasset" 301
"../../../Engine/Content/EditorResources/LightIcons/S_LightSpot.uasset" 302
"../../../Engine/Content/EditorResources/LightIcons/S_LightSpotMove.uasset" 303
"../../../Engine/Content/EditorResources/SequenceRecorder/Countdown.uasset" 304
"../../../Engine/Content/EditorResources/SequenceRecorder/RecordingIndicator.uasset" 305
"../../../Engine/Content/EditorResources/Spline/T_Loft_Spline.uasset" 306
"../../../Engine/Content/EditorSounds/Notifications/CompileFailed.uasset" 307
"../../../Engine/Content/EditorSounds/Notifications/CompileFailed_Cue.uasset" 308
"../../../Engine/Content/EditorSounds/Notifications/CompileSuccess.uasset" 309
"../../../Engine/Content/EditorSounds/Notifications/CompileStart_Cue.uasset" 310
"../../../Engine/Content/EditorSounds/Notifications/CompileSuccess_Cue.uasset" 311
"../../../Engine/Content/EngineDamageTypes/DmgTypeBP_Environmental.uasset" 312
"../../../Engine/Content/EngineDebugMaterials/HeatmapGradient.uasset" 313
"../../../Engine/Content/EngineDebugMaterials/BoneWeightMaterial.uasset" 314
"../../../Engine/Content/EngineDebugMaterials/ClothMaterial.uasset" 315
"../../../Engine/Content/EngineDebugMaterials/ClothMaterial_WF.uasset" 316
"../../../Engine/Content/EngineDebugMaterials/DebugEditorMaterial.uasset" 317
"../../../Engine/Content/EngineDebugMaterials/DebugMeshMaterial.uasset" 318
"../../../Engine/Content/EngineDebugMaterials/GeomMaterial.uasset" 319
"../../../Engine/Content/EngineDebugMaterials/LevelColorationLitMaterial.uasset" 320
"../../../Engine/Content/EngineDebugMaterials/LevelColorationUnlitMaterial.uasset" 321
"../../../Engine/Content/EngineMaterials/DefaultWhiteGrid.uasset" 322
"../../../Engine/Content/EngineDebugMaterials/MAT_LevelColorationLitLightmapUV.uasset" 323
"../../../Engine/Content/EngineDebugMaterials/M_SimpleUnlitTranslucent.uasset" 324
"../../../Engine/Content/Functions/Engine_MaterialFunctions02/Utility/CameraDirectionVector.uasset" 325
"../../../Engine/Content/EngineDebugMaterials/VolumeToRender.uasset" 326
"../../../Engine/Content/EngineDebugMaterials/M_VolumeRenderSphereTracePP.uasset" 327
"../../../Engine/Content/EngineMaterials/DefaultWhiteGrid_Low.uasset" 328
"../../../Engine/Content/EngineDebugMaterials/PhysicalMaterialMaskMaterial.uasset" 329
"../../../Engine/Content/EngineDebugMaterials/ShadedLevelColorationLitMaterial.uasset" 330
"../../../Engine/Content/EngineDebugMaterials/ShadedLevelColorationUnlitMateri.uasset" 331
"../../../Engine/Content/EngineDebugMaterials/VertexColorMaterial.uasset" 332
"../../../Engine/Content/EngineDebugMaterials/VertexColorViewMode_AlphaAsColor.uasset" 333
"../../../Engine/Content/EngineDebugMaterials/VertexColorViewMode_BlueOnly.uasset" 334
"../../../Engine/Content/EngineDebugMaterials/VertexColorViewMode_ColorOnly.uasset" 335
"../../../Engine/Content/EngineDebugMaterials/VertexColorViewMode_GreenOnly.uasset" 336
"../../../Engine/Content/EngineDebugMaterials/VertexColorViewMode_RedOnly.uasset" 337
"../../../Engine/Content/EngineDebugMaterials/WireframeMaterial.uasset" 338
"../../../Engine/Content/EngineFonts/Faces/DroidSansFallback.uasset" 339
"../../../Engine/Content/EngineFonts/Faces/RobotoBold.uasset" 340
"../../../Engine/Content/EngineFonts/Faces/RobotoBoldItalic.uasset" 341
"../../../Engine/Content/EngineFonts/Faces/RobotoItalic.uasset" 342
"../../../Engine/Content/EngineFonts/Faces/RobotoLight.uasset" 343
"../../../Engine/Content/EngineFonts/Faces/RobotoRegular.uasset" 344
"../../../Engine/Content/EngineFonts/Roboto.uasset" 345
"../../../Engine/Content/EngineFonts/Faces/RobotoTiny.uasset" 346
"../../../Engine/Content/EngineFonts/RobotoTiny.uasset" 347
"../../../Engine/Content/EngineFonts/SmallFont.uasset" 348
"../../../Engine/Content/EngineFonts/TinyFont.uasset" 349
"../../../Engine/Content/EngineMaterials/BaseFlattenDiffuseMap.uasset" 350
"../../../Engine/Content/EngineMaterials/BaseFlattenEmissiveMap.uasset" 351
"../../../Engine/Content/EngineMaterials/BaseFlattenGrayscaleMap.uasset" 352
"../../../Engine/Content/EngineMaterials/BaseFlattenNormalMap.uasset" 353
"../../../Engine/Content/EngineMaterials/BaseFlattenMaterial.uasset" 354
"../../../Engine/Content/EngineMaterials/BlinkingCaret.uasset" 355
"../../../Engine/Content/EngineMaterials/BlueNoise.uasset" 356
"../../../Engine/Content/EngineMaterials/DefaultBloomKernel.uasset" 357
"../../../Engine/Content/EngineMaterials/DefaultBokeh.uasset" 358
"../../../Engine/Content/EngineMaterials/DefaultDeferredDecalMaterial.uasset" 359
"../../../Engine/Content/EngineMaterials/DefaultLightFunctionMaterial.uasset" 360
"../../../Engine/Content/EngineMaterials/DefaultPostProcessMaterial.uasset" 361
"../../../Engine/Content/EngineFonts/RobotoDistanceField.uasset" 362
"../../../Engine/Content/EngineMaterials/DefaultTextMaterialOpaque.uasset" 363
"../../../Engine/Content/EngineMaterials/EditorBrushMaterial.uasset" 364
"../../../Engine/Content/EngineMaterials/EmissiveMeshMaterial.uasset" 365
"../../../Engine/Content/EngineMaterials/GizmoMaterial.uasset" 366
"../../../Engine/Content/EngineMaterials/Grid_N.uasset" 367
"../../Plugins/2D/Paper2D/Content/PlaceholderTextures/DummySpriteTexture.uasset" 368
"../../Plugins/2D/Paper2D/Content/DummySprite.uasset" 369
"../../Plugins/2D/Paper2D/Content/DefaultPaperTerrainMaterial.uasset" 370
"../../Plugins/2D/Paper2D/Content/DefaultSpriteMaterial.uasset" 371
"../../Plugins/2D/Paper2D/Content/MaskedUnlitSpriteMaterial.uasset" 372
"../../Plugins/2D/Paper2D/Content/OpaqueUnlitSpriteMaterial.uasset" 373
"../../Plugins/FX/Niagara/Content/Enums/ENiagaraAnimTrailWidthMode.uasset" 374
"../../Plugins/FX/Niagara/Content/Enums/ENiagaraBoneSamplingMode.uasset" 375
"../../Plugins/FX/Niagara/Content/Enums/ENiagaraBoneSocketSamplingMode.uasset" 376
"../../Plugins/FX/Niagara/Content/Enums/ENiagaraBooleanLogicOps.uasset" 377
"../../Plugins/FX/Niagara/Content/Enums/ENiagaraBooleanLogicOps_v2.uasset" 378
"../../Plugins/FX/Niagara/Content/Enums/ENiagaraCalculateRadiusOptions.uasset" 379
"../../Plugins/FX/Niagara/Content/Enums/ENiagaraChannelCorrelation.uasset" 380
"../../Plugins/FX/Niagara/Content/Enums/ENiagaraCollisionRadiusOptions.uasset" 381
"../../Plugins/FX/Niagara/Content/Enums/ENiagaraCoordinateSpace.uasset" 382
"../../Plugins/FX/Niagara/Content/Enums/ENiagaraCurlNoiseQuality.uasset" 383
"../../Plugins/FX/Niagara/Content/Enums/ENiagaraEmitterLifeCycleMode.uasset" 384
"../../Plugins/FX/Niagara/Content/Enums/ENiagaraEmitterScalabilityMode.uasset" 385
"../../Plugins/FX/Niagara/Content/Enums/ENiagaraEmitterScalabilityMode_Limited.uasset" 386
"../../Plugins/FX/Niagara/Content/Enums/ENiagaraExecutionStateManagement.uasset" 387
"../../Plugins/FX/Niagara/Content/Enums/ENiagaraExpansionMode.uasset" 388
"../../Plugins/FX/Niagara/Content/Enums/ENiagaraFrictionMergeType.uasset" 389
"../../Plugins/FX/Niagara/Content/Enums/ENiagaraGPUDepthResponseType.uasset" 390
"../../Plugins/FX/Niagara/Content/Enums/ENiagaraGridPlacementType.uasset" 391
"../../Plugins/FX/Niagara/Content/Enums/ENiagaraInactiveMode.uasset" 392
"../../Plugins/FX/Niagara/Content/Enums/ENiagaraKillVolumeOptions.uasset" 393
"../../Plugins/FX/Niagara/Content/Enums/ENiagaraLinearColor_Channels.uasset" 394
"../../Plugins/FX/Niagara/Content/Enums/ENiagaraMassByVolume.uasset" 395
"../../Plugins/FX/Niagara/Content/Enums/ENiagaraMassCalculationForRendererTypes.uasset" 396
"../../Plugins/FX/Niagara/Content/Enums/ENiagaraMeshOrSprite.uasset" 397
"../../Plugins/FX/Niagara/Content/Enums/ENiagaraMeshSamplingMode.uasset" 398
"../../Plugins/FX/Niagara/Content/Enums/ENiagaraMeshSurfaceSamplingMode.uasset" 399
"../../Plugins/FX/Niagara/Content/Enums/ENiagaraMeshTransforms.uasset" 400
"../../Plugins/FX/Niagara/Content/Enums/ENiagaraMinOrMax.uasset" 401
"../../Plugins/FX/Niagara/Content/Enums/ENiagaraOrientationAxis.uasset" 402
"../../Plugins/FX/Niagara/Content/Enums/ENiagaraRandomnessMode.uasset" 403
"../../Plugins/FX/Niagara/Content/Enums/ENiagaraRestitutionMergeType.uasset" 404
"../../Plugins/FX/Niagara/Content/Enums/ENiagaraScaleColorMode.uasset" 405
"../../Plugins/FX/Niagara/Content/Enums/ENiagaraSimulationTarget.uasset" 406
"../../Plugins/FX/Niagara/Content/Enums/ENiagaraSkeletalSpawning.uasset" 407
"../../Plugins/FX/Niagara/Content/Enums/ENiagaraSkelSamplingFilteringMode.uasset" 408
"../../Plugins/FX/Niagara/Content/Enums/ENiagaraSkelSamplingModeFull.uasset" 409
"../../Plugins/FX/Niagara/Content/Enums/ENiagaraSocketSamplingMode.uasset" 410
"../../Plugins/FX/Niagara/Content/Enums/ENiagaraSUbUVAnimationMode.uasset" 411
"../../Plugins/FX/Niagara/Content/Enums/ENiagaraSystemInactiveMode.uasset" 412
"../../Plugins/FX/Niagara/Content/Enums/ENiagaraTorusDistributionMode.uasset" 413
"../../Plugins/FX/Niagara/Content/Enums/ENiagaraTorusMode.uasset" 414
"../../Plugins/FX/Niagara/Content/Enums/ENiagaraTriangleSamplingMode.uasset" 415
"../../Plugins/FX/Niagara/Content/Enums/ENiagaraVector2_Channels.uasset" 416
"../../Plugins/FX/Niagara/Content/Enums/ENiagaraVector3_Channels.uasset" 417
"../../Plugins/FX/Niagara/Content/Enums/ENiagaraVector4_Channels.uasset" 418
"../../Plugins/FX/Niagara/Content/Enums/ENiagaraVertexFilteringMode.uasset" 419
"../../Plugins/FX/Niagara/Content/Enums/ENiagaraVertexSamplingMode.uasset" 420
"../../Plugins/FX/Niagara/Content/Enums/ENiagara_CameraMeshOrientation.uasset" 421
"../../Plugins/FX/Niagara/Content/Enums/ENiagara_CameraProperties.uasset" 422
"../../Plugins/FX/Niagara/Content/Enums/ENiagara_CollisionType.uasset" 423
"../../Plugins/FX/Niagara/Content/Enums/ENiagara_CPUCollisionType.uasset" 424
"../../Plugins/FX/Niagara/Content/Enums/ENiagara_EmitterStateOptions.uasset" 425
"../../Plugins/FX/Niagara/Content/Enums/ENiagara_Float4Channel.uasset" 426
"../../Plugins/FX/Niagara/Content/Enums/ENiagara_GPUCollisionType.uasset" 427
"../../Plugins/FX/Niagara/Content/Enums/ENiagara_InfiniteLoopDuration.uasset" 428
"../../Plugins/FX/Niagara/Content/Icons/S_ParticleSystem.uasset" 429
"../../../Engine/Content/Functions/Engine_MaterialFunctions02/Utility/BreakOutFloat4Components.uasset" 430
"../../Plugins/Runtime/Oculus/OculusVR/Content/Materials/OculusMR_ChromaKey.uasset" 431
"../../Plugins/Runtime/Oculus/OculusVR/Content/Materials/OculusMR_ChromaKey_Lit.uasset" 432
"../../Plugins/Runtime/Oculus/OculusVR/Content/Materials/OculusMR_OpaqueColoredMaterial.uasset" 433
"../../Plugins/Runtime/Oculus/OculusVR/Content/Materials/OculusMR_WhiteMaterial.uasset" 434
"../../../../../../Git/techStadium/UE4/ts_ue4_stu_202007/90_FinalProject/TrampolineForSpace/Content/ParagonKallari/Characters/Heroes/Kallari/Meshes/Orion_Proto_Retarget.uasset" 435
"../../../../../../Git/techStadium/UE4/ts_ue4_stu_202007/90_FinalProject/TrampolineForSpace/Content/ParagonKallari/Characters/Heroes/Kallari/Meshes/Kallari_Skeleton.uasset" 436
"../../../../../../Git/techStadium/UE4/ts_ue4_stu_202007/90_FinalProject/TrampolineForSpace/Content/ParagonKallari/Characters/Heroes/Kallari/Animations/AimOffsets/Idle_AO_CC.uasset" 437
"../../../../../../Git/techStadium/UE4/ts_ue4_stu_202007/90_FinalProject/TrampolineForSpace/Content/ParagonKallari/Characters/Heroes/Kallari/Animations/AimOffsets/Idle_AO_CD.uasset" 438
"../../../../../../Git/techStadium/UE4/ts_ue4_stu_202007/90_FinalProject/TrampolineForSpace/Content/ParagonKallari/Characters/Heroes/Kallari/Animations/AimOffsets/Idle_AO_CU.uasset" 439
"../../../../../../Git/techStadium/UE4/ts_ue4_stu_202007/90_FinalProject/TrampolineForSpace/Content/ParagonKallari/Characters/Heroes/Kallari/Animations/AimOffsets/Idle_AO_LC.uasset" 440
"../../../../../../Git/techStadium/UE4/ts_ue4_stu_202007/90_FinalProject/TrampolineForSpace/Content/ParagonKallari/Characters/Heroes/Kallari/Animations/AimOffsets/Idle_AO_LD.uasset" 441
"../../../../../../Git/techStadium/UE4/ts_ue4_stu_202007/90_FinalProject/TrampolineForSpace/Content/ParagonKallari/Characters/Heroes/Kallari/Animations/AimOffsets/Idle_AO_LU.uasset" 442
"../../../../../../Git/techStadium/UE4/ts_ue4_stu_202007/90_FinalProject/TrampolineForSpace/Content/ParagonKallari/Characters/Heroes/Kallari/Animations/AimOffsets/Idle_AO_RC.uasset" 443
"../../../../../../Git/techStadium/UE4/ts_ue4_stu_202007/90_FinalProject/TrampolineForSpace/Content/ParagonKallari/Characters/Heroes/Kallari/Animations/AimOffsets/Idle_AO_RD.uasset" 444
"../../../../../../Git/techStadium/UE4/ts_ue4_stu_202007/90_FinalProject/TrampolineForSpace/Content/ParagonKallari/Characters/Heroes/Kallari/Animations/AimOffsets/Idle_AO_RU.uasset" 445
"../../../../../../Git/techStadium/UE4/ts_ue4_stu_202007/90_FinalProject/TrampolineForSpace/Content/ParagonKallari/Characters/Heroes/Kallari/Animations/AimOffsets/Idle_AimOffset.uasset" 446
"../../../../../../Git/techStadium/UE4/ts_ue4_stu_202007/90_FinalProject/TrampolineForSpace/Content/ParagonKallari/Characters/Heroes/Kallari/Animations/LevelStart.uasset" 447
"../../../../../../Git/techStadium/UE4/ts_ue4_stu_202007/90_FinalProject/TrampolineForSpace/Content/ParagonKallari/Characters/Heroes/Kallari/Animations/LevelStart_Montage.uasset" 448
"../../../../../../Git/techStadium/UE4/ts_ue4_stu_202007/90_FinalProject/TrampolineForSpace/Content/ParagonKallari/Characters/Heroes/Kallari/Animations/Idle_Combat_NonAdditive.uasset" 449
"../../../../../../Git/techStadium/UE4/ts_ue4_stu_202007/90_FinalProject/TrampolineForSpace/Content/ParagonKallari/Characters/Heroes/Kallari/Animations/Jog_Fwd_Start.uasset" 450
"../../../../../../Git/techStadium/UE4/ts_ue4_stu_202007/90_FinalProject/TrampolineForSpace/Content/ParagonKallari/Characters/Heroes/Kallari/Animations/Jog_Fwd_Stop.uasset" 451
"../../../../../../Git/techStadium/UE4/ts_ue4_stu_202007/90_FinalProject/TrampolineForSpace/Content/ParagonKallari/Characters/Heroes/Kallari/Animations/Jump_Fall_Loop.uasset" 452
"../../../../../../Git/techStadium/UE4/ts_ue4_stu_202007/90_FinalProject/TrampolineForSpace/Content/ParagonKallari/Characters/Heroes/Kallari/Animations/Jump_Mid.uasset" 453
"../../../../../../Git/techStadium/UE4/ts_ue4_stu_202007/90_FinalProject/TrampolineForSpace/Content/ParagonKallari/Characters/Heroes/Kallari/Animations/Jump_Recovery_Additive.uasset" 454
"../../../../../../Git/techStadium/UE4/ts_ue4_stu_202007/90_FinalProject/TrampolineForSpace/Content/ParagonKallari/Characters/Heroes/Kallari/Animations/Jump_Start.uasset" 455
"../../../../../../Git/techStadium/UE4/ts_ue4_stu_202007/90_FinalProject/TrampolineForSpace/Content/ParagonKallari/Characters/Heroes/Kallari/Animations/Jog_Downhill_Fwd.uasset" 456
"../../../../../../Git/techStadium/UE4/ts_ue4_stu_202007/90_FinalProject/TrampolineForSpace/Content/ParagonKallari/Characters/Heroes/Kallari/Animations/Jog_Fwd.uasset" 457
"../../../../../../Git/techStadium/UE4/ts_ue4_stu_202007/90_FinalProject/TrampolineForSpace/Content/ParagonKallari/Characters/Heroes/Kallari/Animations/Jog_Fwd_CircleLeft.uasset" 458
"../../../../../../Git/techStadium/UE4/ts_ue4_stu_202007/90_FinalProject/TrampolineForSpace/Content/ParagonKallari/Characters/Heroes/Kallari/Animations/Jog_Fwd_CircleRight.uasset" 459
"../../../../../../Git/techStadium/UE4/ts_ue4_stu_202007/90_FinalProject/TrampolineForSpace/Content/ParagonKallari/Characters/Heroes/Kallari/Animations/Jog_Uphill_Fwd.uasset" 460
"../../../../../../Git/techStadium/UE4/ts_ue4_stu_202007/90_FinalProject/TrampolineForSpace/Content/ParagonKallari/Characters/Heroes/Kallari/Animations/Blendspaces/JogFwdSlopeLean.uasset" 461
"../../../../../../Git/techStadium/UE4/ts_ue4_stu_202007/90_FinalProject/TrampolineForSpace/Content/ParagonKallari/Characters/Heroes/Kallari/Animations/Attack_Melee_A.uasset" 462
"../../../../../../Git/techStadium/UE4/ts_ue4_stu_202007/90_FinalProject/TrampolineForSpace/Content/ParagonKallari/Characters/Heroes/Kallari/Animations/Attack_Melee_A_Montage.uasset" 463
"../../../../../../Git/techStadium/UE4/ts_ue4_stu_202007/90_FinalProject/TrampolineForSpace/Content/ParagonKallari/Characters/Heroes/Kallari/Animations/Attack_Melee_B.uasset" 464
"../../../../../../Git/techStadium/UE4/ts_ue4_stu_202007/90_FinalProject/TrampolineForSpace/Content/ParagonKallari/Characters/Heroes/Kallari/Animations/Attack_Melee_B_Montage.uasset" 465
"../../../../../../Git/techStadium/UE4/ts_ue4_stu_202007/90_FinalProject/TrampolineForSpace/Content/ParagonKallari/Characters/Heroes/Kallari/Animations/Attack_Melee_C.uasset" 466
"../../../../../../Git/techStadium/UE4/ts_ue4_stu_202007/90_FinalProject/TrampolineForSpace/Content/ParagonKallari/Characters/Heroes/Kallari/Animations/Attack_Melee_C_Montage.uasset" 467
"../../../Engine/Content/Functions/Engine_MaterialFunctions01/Gradient/LinearGradient.uasset" 468
"../../../Engine/Content/Functions/Engine_MaterialFunctions01/ImageAdjustment/3ColorBlend.uasset" 469
"../../../Engine/Content/Functions/Engine_MaterialFunctions01/ImageAdjustment/CheapContrast.uasset" 470
"../../../Engine/Content/Functions/Engine_MaterialFunctions01/Shading/MetallicShading.uasset" 471
"../../../Engine/Content/Functions/Engine_MaterialFunctions01/Texturing/WorldAlignedTexture.uasset" 472
"../../../Engine/Content/Functions/Engine_MaterialFunctions02/ObjectLocalBounds.uasset" 473
"../../../Engine/Content/Functions/Engine_MaterialFunctions02/Texturing/ScreenAlignedPixelToPixelUVs.uasset" 474
"../../../Engine/Content/EngineMaterials/Good64x64TilingNoiseHighFreq.uasset" 475
"../../../Engine/Content/Functions/Engine_MaterialFunctions02/Utility/DitherTemporalAA.uasset" 476
"../../../Engine/Content/Functions/Engine_MaterialFunctions02/UVs/BoundingBoxBased_0-1_UVW.uasset" 477
"../../../Engine/Content/Functions/Engine_MaterialFunctions03/Blends/Lerp_ScratchGrime.uasset" 478
"../../../Engine/Content/Functions/MaterialLayerFunctions/MatLayerBlend_BakedNormal.uasset" 479
"../../../Engine/Content/Functions/MaterialLayerFunctions/MatLayerBlend_BreakBaseColor.uasset" 480
"../../../Engine/Content/Functions/MaterialLayerFunctions/MatLayerBlend_Emissive.uasset" 481
"../../../Engine/Content/Functions/MaterialLayerFunctions/MatLayerBlend_OverrideBaseColor.uasset" 482
"../../../Engine/Content/Functions/MaterialLayerFunctions/MatLayerBlend_OverrideOpacityMask.uasset" 483
"../../../../../../Git/techStadium/UE4/ts_ue4_stu_202007/90_FinalProject/TrampolineForSpace/Content/ParagonKallari/Characters/Global/MaterialFunctions/MaterialLayerConstructors/MLC_ScratchAndGrime.uasset" 484
"../../../Engine/Content/EngineMaterials/DefaultNormal.uasset" 485
"../../../../../../Git/techStadium/UE4/ts_ue4_stu_202007/90_FinalProject/TrampolineForSpace/Content/ParagonKallari/Characters/Global/MaterialFunctions/MaterialLayerConstructors/MLC_Standard.uasset" 486
"../../../../../../Git/techStadium/UE4/ts_ue4_stu_202007/90_FinalProject/TrampolineForSpace/Content/ParagonKallari/Characters/Global/MaterialFunctions/MF_BrightnessAdjust.uasset" 487
"../../../../../../Git/techStadium/UE4/ts_ue4_stu_202007/90_FinalProject/TrampolineForSpace/Content/ParagonKallari/Characters/Global/MaterialFunctions/Textures/Noise/T_AtmosphericCloudNoise01.uasset" 488
"../../../../../../Git/techStadium/UE4/ts_ue4_stu_202007/90_FinalProject/TrampolineForSpace/Content/ParagonKallari/Characters/Global/MaterialFunctions/Textures/Noise/T_AtmosphericCloudNoise01_N.uasset" 489
"../../../../../../Git/techStadium/UE4/ts_ue4_stu_202007/90_FinalProject/TrampolineForSpace/Content/ParagonKallari/Characters/Global/MaterialFunctions/Textures/Noise/T_AtmosphericCloudNoise03.uasset" 490
"../../../../../../Git/techStadium/UE4/ts_ue4_stu_202007/90_FinalProject/TrampolineForSpace/Content/ParagonKallari/Characters/Global/MaterialFunctions/MF_DeathFade.uasset" 491
"../../../../../../Git/techStadium/UE4/ts_ue4_stu_202007/90_FinalProject/TrampolineForSpace/Content/ParagonKallari/Characters/Global/MaterialLayers/T_TestML_Mask.uasset" 492
"../../../../../../Git/techStadium/UE4/ts_ue4_stu_202007/90_FinalProject/TrampolineForSpace/Content/ParagonKallari/Characters/Global/MaterialLayers/ML__Blank.uasset" 493
"../../../../../../Git/techStadium/UE4/ts_ue4_stu_202007/90_FinalProject/TrampolineForSpace/Content/ParagonKallari/Characters/Global/MaterialFunctions/OrionGlobalGameplayCollection.uasset" 494
"../../../../../../Git/techStadium/UE4/ts_ue4_stu_202007/90_FinalProject/TrampolineForSpace/Content/ParagonKallari/Characters/Global/MaterialFunctions/MF_HitFlash.uasset" 495
"../../../../../../Git/techStadium/UE4/ts_ue4_stu_202007/90_FinalProject/TrampolineForSpace/Content/ParagonKallari/Characters/Global/MaterialLayers/Metal/T_Blue_Metal02.uasset" 496
"../../../../../../Git/techStadium/UE4/ts_ue4_stu_202007/90_FinalProject/TrampolineForSpace/Content/ParagonKallari/Characters/Global/MaterialLayers/Rubber/T_Blank_N.uasset" 497
"../../../../../../Git/techStadium/UE4/ts_ue4_stu_202007/90_FinalProject/TrampolineForSpace/Content/ParagonKallari/Characters/Global/MaterialLayers/Metal/ML_blue_Metal.uasset" 498
"../../../../../../Git/techStadium/UE4/ts_ue4_stu_202007/90_FinalProject/TrampolineForSpace/Content/ParagonKallari/Characters/Global/MaterialFunctions/MF_OrionRimlight.uasset" 499
"../../../../../../Git/techStadium/UE4/ts_ue4_stu_202007/90_FinalProject/TrampolineForSpace/Content/ParagonKallari/Characters/Global/MaterialFunctions/MF_CharacterEffects.uasset" 500
"../../../../../../Git/techStadium/UE4/ts_ue4_stu_202007/90_FinalProject/TrampolineForSpace/Content/ParagonKallari/Characters/Global/MaterialFunctions/MF_Emissive_Boost.uasset" 501
"../../../../../../Git/techStadium/UE4/ts_ue4_stu_202007/90_FinalProject/TrampolineForSpace/Content/ParagonKallari/Characters/Global/MaterialLayers/T_Nature_Ground_Dirt_01c_HeavyPebbles_N_height.uasset" 502
"../../../../../../Git/techStadium/UE4/ts_ue4_stu_202007/90_FinalProject/TrampolineForSpace/Content/ParagonKallari/Characters/Global/MaterialFunctions/MF_SandBlend.uasset" 503
"../../../../../../Git/techStadium/UE4/ts_ue4_stu_202007/90_FinalProject/TrampolineForSpace/Content/ParagonKallari/Characters/Global/MaterialFunctions/MF_ShadowPlaneTransition.uasset" 504
"../../../../../../Git/techStadium/UE4/ts_ue4_stu_202007/90_FinalProject/TrampolineForSpace/Content/ParagonKallari/Characters/Global/MaterialLayers/Metal/T_Blank_N.uasset" 505
"../../../../../../Git/techStadium/UE4/ts_ue4_stu_202007/90_FinalProject/TrampolineForSpace/Content/ParagonKallari/Characters/Heroes/Kallari/Textures/T_Kallari_Eye_D.uasset" 506
"../../../../../../Git/techStadium/UE4/ts_ue4_stu_202007/90_FinalProject/TrampolineForSpace/Content/ParagonKallari/Characters/Global/MaterialLayers/Synthetics/ML_Eye_03.uasset" 507
"../../../../../../Git/techStadium/UE4/ts_ue4_stu_202007/90_FinalProject/TrampolineForSpace/Content/ParagonKallari/Characters/Heroes/Kallari/Textures/T_Kallari_Eye.uasset" 508
"../../../../../../Git/techStadium/UE4/ts_ue4_stu_202007/90_FinalProject/TrampolineForSpace/Content/ParagonKallari/Characters/Heroes/Kallari/Textures/T_Kallari_Eye_N.uasset" 509
"../../../../../../Git/techStadium/UE4/ts_ue4_stu_202007/90_FinalProject/TrampolineForSpace/Content/ParagonKallari/Characters/Heroes/Kallari/Materials/M_Kallari_Eye.uasset" 510
"../../../Engine/Content/Functions/Engine_MaterialFunctions01/Texturing/FlattenNormal.uasset" 511
"../../../Engine/Content/Functions/MaterialLayerFunctions/MatLayerBlend_OverrideOpacity.uasset" 512
"../../../Engine/Content/Functions/MaterialLayerFunctions/MatLayerBlend_TenLayerBlend.uasset" 513
"../../../../../../Git/techStadium/UE4/ts_ue4_stu_202007/90_FinalProject/TrampolineForSpace/Content/ParagonKallari/Characters/Global/MaterialFunctions/MaterialLayerConstructors/MF_BaseColorTintAndContrast.uasset" 514
"../../../../../../Git/techStadium/UE4/ts_ue4_stu_202007/90_FinalProject/TrampolineForSpace/Content/ParagonKallari/Characters/Global/MaterialFunctions/MaterialLayerConstructors/MF_RoughnessAdjustment.uasset" 515
"../../../../../../Git/techStadium/UE4/ts_ue4_stu_202007/90_FinalProject/TrampolineForSpace/Content/ParagonKallari/Characters/Global/MaterialFunctions/MaterialLayerConstructors/MLC_SolidValues.uasset" 516
"../../../../../../Git/techStadium/UE4/ts_ue4_stu_202007/90_FinalProject/TrampolineForSpace/Content/ParagonKallari/Characters/Global/T_Black_Linear.uasset" 517
"../../../../../../Git/techStadium/UE4/ts_ue4_stu_202007/90_FinalProject/TrampolineForSpace/Content/ParagonKallari/Characters/Global/MaterialFunctions/MF_OrionCharacterAO.uasset" 518
"../../../../../../Git/techStadium/UE4/ts_ue4_stu_202007/90_FinalProject/TrampolineForSpace/Content/ParagonKallari/Characters/Global/MaterialLayers/Metal/ML_BladeMetal.uasset" 519
"../../../../../../Git/techStadium/UE4/ts_ue4_stu_202007/90_FinalProject/TrampolineForSpace/Content/ParagonKallari/Characters/Global/MaterialLayers/Metal/T_ML_Aluminum_01.uasset" 520
"../../../../../../Git/techStadium/UE4/ts_ue4_stu_202007/90_FinalProject/TrampolineForSpace/Content/ParagonKallari/Characters/Global/MaterialLayers/Metal/T_ML_Aluminum_01_N.uasset" 521
"../../../../../../Git/techStadium/UE4/ts_ue4_stu_202007/90_FinalProject/TrampolineForSpace/Content/ParagonKallari/Characters/Global/MaterialLayers/Metal/ML_SoftMetal04.uasset" 522
"../../../../../../Git/techStadium/UE4/ts_ue4_stu_202007/90_FinalProject/TrampolineForSpace/Content/ParagonKallari/Characters/Global/MaterialLayers/Rubber/T_ML_Rubber_Blue_01_D.uasset" 523
"../../../../../../Git/techStadium/UE4/ts_ue4_stu_202007/90_FinalProject/TrampolineForSpace/Content/ParagonKallari/Characters/Global/MaterialLayers/Rubber/T_ML_Rubber_Blue_01_N.uasset" 524
"../../../../../../Git/techStadium/UE4/ts_ue4_stu_202007/90_FinalProject/TrampolineForSpace/Content/ParagonKallari/Characters/Global/MaterialLayers/Rubber/ML_GlossyBlack_Latex.uasset" 525
"../../../../../../Git/techStadium/UE4/ts_ue4_stu_202007/90_FinalProject/TrampolineForSpace/Content/ParagonKallari/Characters/Global/MaterialLayers/Synthetics/T_ML_PlasticPattern01_N.uasset" 526
"../../../../../../Git/techStadium/UE4/ts_ue4_stu_202007/90_FinalProject/TrampolineForSpace/Content/ParagonKallari/Characters/Global/MaterialLayers/Synthetics/T_ML_PlasticPattern_Gray.uasset" 527
"../../../../../../Git/techStadium/UE4/ts_ue4_stu_202007/90_FinalProject/TrampolineForSpace/Content/ParagonKallari/Characters/Heroes/Kallari/Textures/T_Kallari_Torso_RGB.uasset" 528
"../../../../../../Git/techStadium/UE4/ts_ue4_stu_202007/90_FinalProject/TrampolineForSpace/Content/ParagonKallari/Characters/Global/MaterialLayers/Synthetics/ML_PlasticPattern05.uasset" 529
"../../../../../../Git/techStadium/UE4/ts_ue4_stu_202007/90_FinalProject/TrampolineForSpace/Content/ParagonKallari/Characters/Heroes/Kallari/Textures/T_Kallari_Hand_Mask.uasset" 530
"../../../../../../Git/techStadium/UE4/ts_ue4_stu_202007/90_FinalProject/TrampolineForSpace/Content/ParagonKallari/Characters/Heroes/Kallari/Textures/T_Kallari_Hand_N.uasset" 531
"../../../../../../Git/techStadium/UE4/ts_ue4_stu_202007/90_FinalProject/TrampolineForSpace/Content/ParagonKallari/Characters/Heroes/Kallari/Textures/T_Kallari_Hand_RGB.uasset" 532
"../../../../../../Git/techStadium/UE4/ts_ue4_stu_202007/90_FinalProject/TrampolineForSpace/Content/ParagonKallari/Characters/Heroes/Kallari/Materials/M_Kallari_Hand.uasset" 533
"../../../../../../Git/techStadium/UE4/ts_ue4_stu_202007/90_FinalProject/TrampolineForSpace/Content/ParagonKallari/Characters/Global/MaterialLayers/Fabric/T_ML_Fabric_Blue_Medium_N.uasset" 534
"../../../../../../Git/techStadium/UE4/ts_ue4_stu_202007/90_FinalProject/TrampolineForSpace/Content/ParagonKallari/Characters/Global/MaterialLayers/Fabric/T_ML_SmoothTech_01_D2.uasset" 535
"../../../../../../Git/techStadium/UE4/ts_ue4_stu_202007/90_FinalProject/TrampolineForSpace/Content/ParagonKallari/Characters/Global/MaterialLayers/Fabric/ML_mutedDarkCloth2.uasset" 536
"../../../../../../Git/techStadium/UE4/ts_ue4_stu_202007/90_FinalProject/TrampolineForSpace/Content/ParagonKallari/Characters/Global/MaterialFunctions/Textures/T_Kallari_Prism_02.uasset" 537
"../../../../../../Git/techStadium/UE4/ts_ue4_stu_202007/90_FinalProject/TrampolineForSpace/Content/ParagonKallari/Characters/Heroes/Kallari/Textures/T_Kallari_Metal_02_D.uasset" 538
"../../../../../../Git/techStadium/UE4/ts_ue4_stu_202007/90_FinalProject/TrampolineForSpace/Content/ParagonKallari/Characters/Heroes/Kallari/Textures/T_Kallari_Metal_Tiling_N.uasset" 539
"../../../../../../Git/techStadium/UE4/ts_ue4_stu_202007/90_FinalProject/TrampolineForSpace/Content/ParagonKallari/Characters/Global/MaterialLayers/Metal/ML_Dark_Metal_04.uasset" 540
"../../../../../../Git/techStadium/UE4/ts_ue4_stu_202007/90_FinalProject/TrampolineForSpace/Content/ParagonKallari/Characters/Global/MaterialLayers/Metal/ML_GlossyArmor_03.uasset" 541
"../../../../../../Git/techStadium/UE4/ts_ue4_stu_202007/90_FinalProject/TrampolineForSpace/Content/ParagonKallari/Characters/Global/MaterialLayers/Metal/ML_Lightsilver.uasset" 542
"../../../../../../Git/techStadium/UE4/ts_ue4_stu_202007/90_FinalProject/TrampolineForSpace/Content/ParagonKallari/Characters/Global/MaterialLayers/Synthetics/ML_GlowGlass_01.uasset" 543
"../../../../../../Git/techStadium/UE4/ts_ue4_stu_202007/90_FinalProject/TrampolineForSpace/Content/ParagonKallari/Characters/Heroes/Kallari/Textures/T_Kallari_Torso_Mask.uasset" 544
"../../../../../../Git/techStadium/UE4/ts_ue4_stu_202007/90_FinalProject/TrampolineForSpace/Content/ParagonKallari/Characters/Heroes/Kallari/Textures/T_Kallari_Torso_Mask_2.uasset" 545
"../../../../../../Git/techStadium/UE4/ts_ue4_stu_202007/90_FinalProject/TrampolineForSpace/Content/ParagonKallari/Characters/Heroes/Kallari/Textures/T_Kallari_Torso_N.uasset" 546
"../../../../../../Git/techStadium/UE4/ts_ue4_stu_202007/90_FinalProject/TrampolineForSpace/Content/ParagonKallari/Characters/Heroes/Kallari/Materials/M_Kallari_Helmet.uasset" 547
"../../../../../../Git/techStadium/UE4/ts_ue4_stu_202007/90_FinalProject/TrampolineForSpace/Content/ParagonKallari/Characters/Global/MaterialLayers/Synthetics/ML_PlasticPattern08.uasset" 548
"../../../../../../Git/techStadium/UE4/ts_ue4_stu_202007/90_FinalProject/TrampolineForSpace/Content/ParagonKallari/Characters/Heroes/Kallari/Textures/T_Kallari_Legs_Tent_Mask01.uasset" 549
"../../../../../../Git/techStadium/UE4/ts_ue4_stu_202007/90_FinalProject/TrampolineForSpace/Content/ParagonKallari/Characters/Heroes/Kallari/Textures/T_Kallari_Legs_Tent_Mask02.uasset" 550
"../../../../../../Git/techStadium/UE4/ts_ue4_stu_202007/90_FinalProject/TrampolineForSpace/Content/ParagonKallari/Characters/Heroes/Kallari/Textures/T_Kallari_Legs_Tent_N.uasset" 551
"../../../../../../Git/techStadium/UE4/ts_ue4_stu_202007/90_FinalProject/TrampolineForSpace/Content/ParagonKallari/Characters/Heroes/Kallari/Textures/T_Kallari_Legs_Tent_PaintColor_Mask.uasset" 552
"../../../../../../Git/techStadium/UE4/ts_ue4_stu_202007/90_FinalProject/TrampolineForSpace/Content/ParagonKallari/Characters/Heroes/Kallari/Textures/T_Kallari_Legs_Tent_RGB.uasset" 553
"../../../../../../Git/techStadium/UE4/ts_ue4_stu_202007/90_FinalProject/TrampolineForSpace/Content/ParagonKallari/Characters/Heroes/Kallari/Materials/M_Kallari_Legs.uasset" 554
"../../../../../../Git/techStadium/UE4/ts_ue4_stu_202007/90_FinalProject/TrampolineForSpace/Content/ParagonKallari/Characters/Heroes/Kallari/Materials/M_Kallari_Tent.uasset" 555
"../../../Engine/Content/Functions/Engine_MaterialFunctions01/ImageAdjustment/BlurSampleOffsets.uasset" 556
"../../../../../../Git/techStadium/UE4/ts_ue4_stu_202007/90_FinalProject/TrampolineForSpace/Content/ParagonKallari/Characters/Heroes/Kallari/Textures/T_Kallari_Metal_Tiling_D.uasset" 557
"../../../../../../Git/techStadium/UE4/ts_ue4_stu_202007/90_FinalProject/TrampolineForSpace/Content/ParagonKallari/Characters/Global/MaterialLayers/Metal/ML_Light_Metal_04.uasset" 558
"../../../../../../Git/techStadium/UE4/ts_ue4_stu_202007/90_FinalProject/TrampolineForSpace/Content/ParagonKallari/Characters/Global/MaterialFunctions/MF_Cavity.uasset" 559
"../../../../../../Git/techStadium/UE4/ts_ue4_stu_202007/90_FinalProject/TrampolineForSpace/Content/ParagonKallari/Characters/Heroes/Kallari/Textures/T_Kallari_Thrusters_Mask01.uasset" 560
"../../../../../../Git/techStadium/UE4/ts_ue4_stu_202007/90_FinalProject/TrampolineForSpace/Content/ParagonKallari/Characters/Heroes/Kallari/Materials/M_Kallari_Thrusters.uasset" 561
"../../../../../../Git/techStadium/UE4/ts_ue4_stu_202007/90_FinalProject/TrampolineForSpace/Content/ParagonKallari/Characters/Global/MaterialLayers/Synthetics/ML_LightPlasticPattern11.uasset" 562
"../../../../../../Git/techStadium/UE4/ts_ue4_stu_202007/90_FinalProject/TrampolineForSpace/Content/ParagonKallari/Characters/Heroes/Kallari/Materials/M_Kallari_Torso.uasset" 563
"../../../../../../Git/techStadium/UE4/ts_ue4_stu_202007/90_FinalProject/TrampolineForSpace/Content/ParagonKallari/Characters/Heroes/Kallari/Meshes/Kallari_CylShadows.uasset" 564
"../../../../../../Git/techStadium/UE4/ts_ue4_stu_202007/90_FinalProject/TrampolineForSpace/Content/ParagonKallari/Characters/Heroes/Kallari/Meshes/Kallari_Physics.uasset" 565
"../../../../../../Git/techStadium/UE4/ts_ue4_stu_202007/90_FinalProject/TrampolineForSpace/Content/ParagonKallari/Characters/Heroes/Kallari/Meshes/Kallari.uasset" 566
"../../../../../../Git/techStadium/UE4/ts_ue4_stu_202007/90_FinalProject/TrampolineForSpace/Content/ParagonKallari/Characters/Heroes/Kallari/KallariPlayerCharacter.uasset" 567
"../../../../../../Git/techStadium/UE4/ts_ue4_stu_202007/90_FinalProject/TrampolineForSpace/Content/ParagonKallari/Characters/Heroes/Kallari/Kallari_AnimBlueprint.uasset" 568
"../../../../../../Git/techStadium/UE4/ts_ue4_stu_202007/90_FinalProject/TrampolineForSpace/Content/SoulCave/Environment/PhysicalMaterials/Metal.uasset" 569
"../../../../../../Git/techStadium/UE4/ts_ue4_stu_202007/90_FinalProject/TrampolineForSpace/Content/SoulCave/Environment/Textures/Building/T_Cave_E.uasset" 570
"../../../../../../Git/techStadium/UE4/ts_ue4_stu_202007/90_FinalProject/TrampolineForSpace/Content/SoulCave/Environment/Textures/Building/T_Cave_Floor_N.uasset" 571
"../../../../../../Git/techStadium/UE4/ts_ue4_stu_202007/90_FinalProject/TrampolineForSpace/Content/SoulCave/Environment/Textures/Building/T_Cave_Floor_D.uasset" 572
"../../../../../../Git/techStadium/UE4/ts_ue4_stu_202007/90_FinalProject/TrampolineForSpace/Content/SoulCave/Environment/Materials/Building/M_Cave_Floor.uasset" 573
"../../../Engine/Content/MapTemplates/SM_Template_Map_Floor.uasset" 574
"../../../../../../Git/techStadium/UE4/ts_ue4_stu_202007/90_FinalProject/TrampolineForSpace/Content/SideScrollerBP/AudioClips/GoalBGM.uasset" 575
"../../../../../../Git/techStadium/UE4/ts_ue4_stu_202007/90_FinalProject/TrampolineForSpace/Content/SideScrollerBP/AudioClips/GoalBGM_Cue.uasset" 576
"../../../../../../Git/techStadium/UE4/ts_ue4_stu_202007/90_FinalProject/TrampolineForSpace/Content/SideScrollerBP/Blueprints/GoalObject_BP.uasset" 577
"../../../Engine/Content/Functions/Engine_MaterialFunctions03/Blends/Blend_Lighten.uasset" 578
"../../../Engine/Content/Functions/MaterialLayerFunctions/MatLayerBlend_OverrideMetalness.uasset" 579
"../../../../../../Git/techStadium/UE4/ts_ue4_stu_202007/90_FinalProject/TrampolineForSpace/Content/ParagonKallari/Characters/Global/MaterialFunctions/MF_Fuzz_Layer.uasset" 580
"../../../Engine/Content/EngineMaterials/FlatNormal.uasset" 581
"../../../../../../Git/techStadium/UE4/ts_ue4_stu_202007/90_FinalProject/TrampolineForSpace/Content/ParagonKallari/Characters/Global/MaterialLayers/Cloth/MF_ClothShading.uasset" 582
"../../../../../../Git/techStadium/UE4/ts_ue4_stu_202007/90_FinalProject/TrampolineForSpace/Content/ParagonKallari/Characters/Global/MaterialLayers/Fabric/T_GoldFabric01_N.uasset" 583
"../../../../../../Git/techStadium/UE4/ts_ue4_stu_202007/90_FinalProject/TrampolineForSpace/Content/ParagonKallari/Characters/Global/MaterialLayers/Fabric/T_ML_Cloth_D.uasset" 584
"../../../../../../Git/techStadium/UE4/ts_ue4_stu_202007/90_FinalProject/TrampolineForSpace/Content/ParagonKallari/Characters/Global/MaterialLayers/Fabric/ML_Chiffon.uasset" 585
"../../../../../../Git/techStadium/UE4/ts_ue4_stu_202007/90_FinalProject/TrampolineForSpace/Content/ParagonKallari/Characters/Global/MaterialLayers/Fabric/T_ML_Fabric_Basic2.uasset" 586
"../../../../../../Git/techStadium/UE4/ts_ue4_stu_202007/90_FinalProject/TrampolineForSpace/Content/ParagonKallari/Characters/Global/MaterialLayers/Fabric/ML_Fabric_Basic.uasset" 587
"../../../../../../Git/techStadium/UE4/ts_ue4_stu_202007/90_FinalProject/TrampolineForSpace/Content/ParagonKallari/Characters/Global/MaterialLayers/Fabric/T_Wool_Fabric_N.uasset" 588
"../../../../../../Git/techStadium/UE4/ts_ue4_stu_202007/90_FinalProject/TrampolineForSpace/Content/ParagonKallari/Characters/Global/MaterialLayers/Fabric/T_Wool_Fabric_MASK.uasset" 589
"../../../../../../Git/techStadium/UE4/ts_ue4_stu_202007/90_FinalProject/TrampolineForSpace/Content/ParagonKallari/Characters/Global/MaterialLayers/Fabric/ML_Wool_Fabric.uasset" 590
"../../../../../../Git/techStadium/UE4/ts_ue4_stu_202007/90_FinalProject/TrampolineForSpace/Content/ParagonKallari/Characters/Heroes/Kallari/Skins/Rogue/Materials/MF_Color_Neutral.uasset" 591
"../../../../../../Git/techStadium/UE4/ts_ue4_stu_202007/90_FinalProject/TrampolineForSpace/Content/ParagonKallari/Characters/Global/MaterialLayers/Fabric/T_Fuzz_MASK.uasset" 592
"../../../../../../Git/techStadium/UE4/ts_ue4_stu_202007/90_FinalProject/TrampolineForSpace/Content/ParagonKallari/Characters/Heroes/Kallari/Skins/Rogue/Textures/T_Kallari_Rogue_Cloak_D.uasset" 593
"../../../../../../Git/techStadium/UE4/ts_ue4_stu_202007/90_FinalProject/TrampolineForSpace/Content/ParagonKallari/Characters/Heroes/Kallari/Skins/Rogue/Textures/T_Kallari_Rogue_Cloak_N.uasset" 594
"../../../../../../Git/techStadium/UE4/ts_ue4_stu_202007/90_FinalProject/TrampolineForSpace/Content/ParagonKallari/Characters/Heroes/Kallari/Skins/Rogue/Textures/T_Kallari_Rogue_Cloak_T.uasset" 595
"../../../../../../Git/techStadium/UE4/ts_ue4_stu_202007/90_FinalProject/TrampolineForSpace/Content/ParagonKallari/Characters/Heroes/Kallari/Skins/Rogue/Textures/T_Kallari_Rogue_RGB.uasset" 596
"../../../../../../Git/techStadium/UE4/ts_ue4_stu_202007/90_FinalProject/TrampolineForSpace/Content/ParagonKallari/Characters/Heroes/Kallari/Skins/Rogue/Materials/M_Kallari_Rogue_cloak.uasset" 597
"../../../../../../Git/techStadium/UE4/ts_ue4_stu_202007/90_FinalProject/TrampolineForSpace/Content/ParagonKallari/Characters/Heroes/Kallari/Skins/Rogue/Materials/M_Kallari_Rogue_Eye.uasset" 598
"../../../../../../Git/techStadium/UE4/ts_ue4_stu_202007/90_FinalProject/TrampolineForSpace/Content/ParagonKallari/Characters/Global/MaterialLayers/Metal/T_hardmetal2_D.uasset" 599
"../../../../../../Git/techStadium/UE4/ts_ue4_stu_202007/90_FinalProject/TrampolineForSpace/Content/ParagonKallari/Characters/Global/MaterialLayers/Metal/ML_LowContrastHardMetal.uasset" 600
"../../../../../../Git/techStadium/UE4/ts_ue4_stu_202007/90_FinalProject/TrampolineForSpace/Content/ParagonKallari/Characters/Heroes/Kallari/Skins/Rogue/Textures/T_Kallari_Rogue_Hand_Mask.uasset" 601
"../../../../../../Git/techStadium/UE4/ts_ue4_stu_202007/90_FinalProject/TrampolineForSpace/Content/ParagonKallari/Characters/Heroes/Kallari/Skins/Rogue/Textures/T_Kallari_Rogue_Hand_Mask_2.uasset" 602
"../../../../../../Git/techStadium/UE4/ts_ue4_stu_202007/90_FinalProject/TrampolineForSpace/Content/ParagonKallari/Characters/Heroes/Kallari/Skins/Rogue/Materials/M_Kallari_Rogue_Hand.uasset" 603
"../../../../../../Git/techStadium/UE4/ts_ue4_stu_202007/90_FinalProject/TrampolineForSpace/Content/ParagonKallari/Characters/Global/MaterialLayers/Fabric/T_ML_SmoothTech_01_D.uasset" 604
"../../../../../../Git/techStadium/UE4/ts_ue4_stu_202007/90_FinalProject/TrampolineForSpace/Content/ParagonKallari/Characters/Global/T_noisemask.uasset" 605
"../../../../../../Git/techStadium/UE4/ts_ue4_stu_202007/90_FinalProject/TrampolineForSpace/Content/ParagonKallari/Characters/Global/MaterialLayers/Fabric/ML_Fabric_SmoothTech01.uasset" 606
"../../../../../../Git/techStadium/UE4/ts_ue4_stu_202007/90_FinalProject/TrampolineForSpace/Content/ParagonKallari/Characters/Global/MaterialLayers/Synthetics/ML_GlowGlass_02.uasset" 607
"../../../../../../Git/techStadium/UE4/ts_ue4_stu_202007/90_FinalProject/TrampolineForSpace/Content/ParagonKallari/Characters/Heroes/Kallari/Skins/Rogue/Materials/M_Kallari_Rogue_Helmet.uasset" 608
"../../../../../../Git/techStadium/UE4/ts_ue4_stu_202007/90_FinalProject/TrampolineForSpace/Content/ParagonKallari/Characters/Heroes/Kallari/Skins/Rogue/Materials/M_Kallari_Rogue_Legs.uasset" 609
"../../../../../../Git/techStadium/UE4/ts_ue4_stu_202007/90_FinalProject/TrampolineForSpace/Content/ParagonKallari/Characters/Heroes/Kallari/Skins/Rogue/Materials/M_Kallari_Rogue_Torso.uasset" 610
"../../../Engine/Content/Functions/Engine_MaterialFunctions01/ImageAdjustment/SCurve.uasset" 611
"../../../../../../Git/techStadium/UE4/ts_ue4_stu_202007/90_FinalProject/TrampolineForSpace/Content/ParagonKallari/Characters/Global/MaterialFunctions/MF_RimLight.uasset" 612
"../../../../../../Git/techStadium/UE4/ts_ue4_stu_202007/90_FinalProject/TrampolineForSpace/Content/ParagonKallari/Characters/Global/MaterialFunctions/MF_CharacterGradient.uasset" 613
"../../../../../../Git/techStadium/UE4/ts_ue4_stu_202007/90_FinalProject/TrampolineForSpace/Content/ParagonKallari/Characters/Global/MaterialLayers/Rubber/T_Rubber_2_N.uasset" 614
"../../../../../../Git/techStadium/UE4/ts_ue4_stu_202007/90_FinalProject/TrampolineForSpace/Content/ParagonKallari/Characters/Global/MaterialLayers/Rubber/T_Rubber_2.uasset" 615
"../../../../../../Git/techStadium/UE4/ts_ue4_stu_202007/90_FinalProject/TrampolineForSpace/Content/ParagonKallari/Characters/Global/MaterialLayers/Rubber/ML_DarkSoft_Rubber.uasset" 616
"../../../../../../Git/techStadium/UE4/ts_ue4_stu_202007/90_FinalProject/TrampolineForSpace/Content/ParagonKallari/Characters/Heroes/Kallari/Skins/Rogue/Materials/M_Kallari_Rogue_Weapons.uasset" 617
"../../../../../../Git/techStadium/UE4/ts_ue4_stu_202007/90_FinalProject/TrampolineForSpace/Content/ParagonKallari/Characters/Heroes/Kallari/Skins/Rogue/Meshes/Kallari_Rogue.uasset" 618
"../../../../../../Git/techStadium/UE4/ts_ue4_stu_202007/90_FinalProject/TrampolineForSpace/Content/SideScrollerBP/AudioClips/JumpCharging.uasset" 619
"../../../../../../Git/techStadium/UE4/ts_ue4_stu_202007/90_FinalProject/TrampolineForSpace/Content/SideScrollerBP/AudioClips/JumpCharging_Cue.uasset" 620
"../../../../../../Git/techStadium/UE4/ts_ue4_stu_202007/90_FinalProject/TrampolineForSpace/Content/SideScrollerBP/Fonts/NuHanafudayaFace.uasset" 621
"../../../../../../Git/techStadium/UE4/ts_ue4_stu_202007/90_FinalProject/TrampolineForSpace/Content/SideScrollerBP/Fonts/NuHanafudaya.uasset" 622
"../../../../../../Git/techStadium/UE4/ts_ue4_stu_202007/90_FinalProject/TrampolineForSpace/Content/SideScrollerBP/Blueprints/TitleWidget_BP.uasset" 623
"../../../../../../Git/techStadium/UE4/ts_ue4_stu_202007/90_FinalProject/TrampolineForSpace/Content/SideScrollerBP/Blueprints/TFS_GameMode_BP.uasset" 624
"../../../../../../Git/techStadium/UE4/ts_ue4_stu_202007/90_FinalProject/TrampolineForSpace/Content/SideScrollerBP/Blueprints/MainHUD.uasset" 625
"../../../../../../Git/techStadium/UE4/ts_ue4_stu_202007/90_FinalProject/TrampolineForSpace/Content/SideScrollerBP/Blueprints/SideScrollerCharacter.uasset" 626
"../../../Engine/Content/EngineSky/C_Sky_Cloud_Color.uasset" 627
"../../../Engine/Content/EngineSky/C_Sky_Horizon_Color.uasset" 628
"../../../Engine/Content/EngineSky/C_Sky_Zenith_Color.uasset" 629
"../../../Engine/Content/EngineSky/T_Sky_Blue.uasset" 630
"../../../Engine/Content/EngineSky/T_Sky_Clouds_M.uasset" 631
"../../../Engine/Content/EngineSky/T_Sky_Stars.uasset" 632
"../../../Engine/Content/EngineSky/M_Sky_Panning_Clouds2.uasset" 633
"../../../Engine/Content/EngineSky/SM_SkySphere.uasset" 634
"../../../Engine/Content/EngineSky/BP_Sky_Sphere.uasset" 635
"../../../Engine/Content/BasicShapes/BasicShapeMaterial.uasset" 636
"../../../Engine/Content/BasicShapes/Cube.uasset" 637
"../../../../../../Git/techStadium/UE4/ts_ue4_stu_202007/90_FinalProject/TrampolineForSpace/Content/SoulCave/EffectsMobile/Drips/Textures/T_SandStorm_Mask.uasset" 638
"../../../../../../Git/techStadium/UE4/ts_ue4_stu_202007/90_FinalProject/TrampolineForSpace/Content/SoulCave/EffectsMobile/SimpleFogSheet/Textures/T_EV_DustPanner_01.uasset" 639
"../../../../../../Git/techStadium/UE4/ts_ue4_stu_202007/90_FinalProject/TrampolineForSpace/Content/SoulCave/EffectsMobile/SimpleFogSheet/Material/M_Fogsheet_cheap.uasset" 640
"../../../../../../Git/techStadium/UE4/ts_ue4_stu_202007/90_FinalProject/TrampolineForSpace/Content/SoulCave/EffectsMobile/SimpleFogSheet/Material/MI_FogSheet_Cheap.uasset" 641
"../../../../../../Git/techStadium/UE4/ts_ue4_stu_202007/90_FinalProject/TrampolineForSpace/Content/SoulCave/EffectsMobile/SimpleFogSheet/Mesh/SM_SimpleFogSheet.uasset" 642
"../../../../../../Git/techStadium/UE4/ts_ue4_stu_202007/90_FinalProject/TrampolineForSpace/Content/SideScrollerBP/Blueprints/Trampoline_BP.uasset" 643
"../../../../../../Git/techStadium/UE4/ts_ue4_stu_202007/90_FinalProject/TrampolineForSpace/Content/SideScrollerBP/Maps/MainMap_BuiltData.uasset" 644
"../../../../../../Git/techStadium/UE4/ts_ue4_stu_202007/90_FinalProject/TrampolineForSpace/Content/SideScrollerBP/AudioClips/MainBGM.uasset" 645
"../../../../../../Git/techStadium/UE4/ts_ue4_stu_202007/90_FinalProject/TrampolineForSpace/Content/SideScrollerBP/AudioClips/MainBGM_Cue.uasset" 646
"../../../../../../Git/techStadium/UE4/ts_ue4_stu_202007/90_FinalProject/TrampolineForSpace/Content/SoulCave/Environment/Textures/Building/T_Cave_Spotlight_N.uasset" 647
"../../../../../../Git/techStadium/UE4/ts_ue4_stu_202007/90_FinalProject/TrampolineForSpace/Content/SoulCave/Environment/Textures/Building/T_Cave_Spotlight_D.uasset" 648
"../../../../../../Git/techStadium/UE4/ts_ue4_stu_202007/90_FinalProject/TrampolineForSpace/Content/SoulCave/Environment/Materials/Building/M_Cave_Spotlight.uasset" 649
"../../../../../../Git/techStadium/UE4/ts_ue4_stu_202007/90_FinalProject/TrampolineForSpace/Content/SoulCave/Environment/Meshes/Building/SM_Cave_Floor_Stairs_Quarter.uasset" 650
"../../../Engine/Content/Functions/MaterialLayerFunctions/MatLayerBlend_AO.uasset" 651
"../../../../../../Git/techStadium/UE4/ts_ue4_stu_202007/90_FinalProject/TrampolineForSpace/Content/SoulCave/Environment/Materials/Functions/MF_FuzzyShading_JM.uasset" 652
"../../../../../../Git/techStadium/UE4/ts_ue4_stu_202007/90_FinalProject/TrampolineForSpace/Content/SoulCave/Environment/Materials/Functions/MF_Wetness.uasset" 653
"../../../../../../Git/techStadium/UE4/ts_ue4_stu_202007/90_FinalProject/TrampolineForSpace/Content/SoulCave/Environment/Materials/MaterialLayers/MF_Solid_Color.uasset" 654
"../../../../../../Git/techStadium/UE4/ts_ue4_stu_202007/90_FinalProject/TrampolineForSpace/Content/SoulCave/Environment/Textures/Rock/T_Moss_D.uasset" 655
"../../../../../../Git/techStadium/UE4/ts_ue4_stu_202007/90_FinalProject/TrampolineForSpace/Content/SoulCave/Environment/Textures/Rock/T_Moss_N.uasset" 656
"../../../../../../Git/techStadium/UE4/ts_ue4_stu_202007/90_FinalProject/TrampolineForSpace/Content/SoulCave/Environment/Materials/Rocks/MF_Cave_Moss.uasset" 657
"../../../../../../Git/techStadium/UE4/ts_ue4_stu_202007/90_FinalProject/TrampolineForSpace/Content/SoulCave/Environment/Textures/Rock/T_Cave_Rock_01_N.uasset" 658
"../../../../../../Git/techStadium/UE4/ts_ue4_stu_202007/90_FinalProject/TrampolineForSpace/Content/SoulCave/Environment/Textures/Rock/T_Cave_Rock_01_D.uasset" 659
"../../../../../../Git/techStadium/UE4/ts_ue4_stu_202007/90_FinalProject/TrampolineForSpace/Content/SoulCave/Environment/Materials/Rocks/MF_Cave_Rock01.uasset" 660
"../../../../../../Git/techStadium/UE4/ts_ue4_stu_202007/90_FinalProject/TrampolineForSpace/Content/SoulCave/Environment/Textures/Rock/T_Cave_Rock_Detail_D.uasset" 661
"../../../../../../Git/techStadium/UE4/ts_ue4_stu_202007/90_FinalProject/TrampolineForSpace/Content/SoulCave/Environment/Materials/Rocks/MF_Cave_Rock02.uasset" 662
"../../../../../../Git/techStadium/UE4/ts_ue4_stu_202007/90_FinalProject/TrampolineForSpace/Content/SoulCave/Environment/Textures/Rock/T_Cave_Rock_Stalactite_N.uasset" 663
"../../../../../../Git/techStadium/UE4/ts_ue4_stu_202007/90_FinalProject/TrampolineForSpace/Content/SoulCave/Environment/Materials/Rocks/M_Cave_Rock_MASTER_VertexPaint_MOSS.uasset" 664
"../../../../../../Git/techStadium/UE4/ts_ue4_stu_202007/90_FinalProject/TrampolineForSpace/Content/SoulCave/Environment/Textures/Rock/T_Cave_Rock_Pillar_M.uasset" 665
"../../../../../../Git/techStadium/UE4/ts_ue4_stu_202007/90_FinalProject/TrampolineForSpace/Content/SoulCave/Environment/Textures/Rock/T_Cave_Rock_Pillar_N.uasset" 666
"../../../../../../Git/techStadium/UE4/ts_ue4_stu_202007/90_FinalProject/TrampolineForSpace/Content/SoulCave/Environment/Materials/Rocks/MI_Cave_Rock_Pillar_Moss2.uasset" 667
"../../../../../../Git/techStadium/UE4/ts_ue4_stu_202007/90_FinalProject/TrampolineForSpace/Content/SoulCave/Environment/Meshes/Building/SM_Cave_Rock_Pillar01REDO.uasset" 668
"../../../../../../Git/techStadium/UE4/ts_ue4_stu_202007/90_FinalProject/TrampolineForSpace/Content/SoulCave/Environment/Textures/Building/T_DemonStatue_M.uasset" 669
"../../../../../../Git/techStadium/UE4/ts_ue4_stu_202007/90_FinalProject/TrampolineForSpace/Content/SoulCave/Environment/Textures/Building/T_DemonStatue_N.uasset" 670
"../../../../../../Git/techStadium/UE4/ts_ue4_stu_202007/90_FinalProject/TrampolineForSpace/Content/SoulCave/Environment/Materials/Rocks/MI_Cave_Rock_DemonStatue_Moss.uasset" 671
"../../../../../../Git/techStadium/UE4/ts_ue4_stu_202007/90_FinalProject/TrampolineForSpace/Content/SoulCave/Environment/Meshes/Building/SM_Cave_Statue_01.uasset" 672
"../../../../../../Git/techStadium/UE4/ts_ue4_stu_202007/90_FinalProject/TrampolineForSpace/Content/SoulCave/Environment/Textures/Building/T_Soul_Statue_Body_D.uasset" 673
"../../../../../../Git/techStadium/UE4/ts_ue4_stu_202007/90_FinalProject/TrampolineForSpace/Content/SoulCave/Environment/Textures/Building/T_Soul_Statue_Body_N.uasset" 674
"../../../../../../Git/techStadium/UE4/ts_ue4_stu_202007/90_FinalProject/TrampolineForSpace/Content/SoulCave/Environment/Textures/Building_Slum/T_Slums_TilingMetal_D.uasset" 675
"../../../../../../Git/techStadium/UE4/ts_ue4_stu_202007/90_FinalProject/TrampolineForSpace/Content/SoulCave/Environment/Materials/Building/M_Soul_Statue_Bolts.uasset" 676
"../../../../../../Git/techStadium/UE4/ts_ue4_stu_202007/90_FinalProject/TrampolineForSpace/Content/SoulCave/Environment/Materials/Building/M_Soul_Statue_Chrome.uasset" 677
"../../../../../../Git/techStadium/UE4/ts_ue4_stu_202007/90_FinalProject/TrampolineForSpace/Content/SoulCave/Environment/Materials/Building/M_Soul_Statue_Cloth.uasset" 678
"../../../../../../Git/techStadium/UE4/ts_ue4_stu_202007/90_FinalProject/TrampolineForSpace/Content/SoulCave/Environment/Materials/Building/M_Soul_Statue_Face.uasset" 679
"../../../../../../Git/techStadium/UE4/ts_ue4_stu_202007/90_FinalProject/TrampolineForSpace/Content/SoulCave/Environment/Meshes/Building/SM_S_Soul_Statue.uasset" 680
"../../../../../../Git/techStadium/UE4/ts_ue4_stu_202007/90_FinalProject/TrampolineForSpace/Content/SoulCave/Environment/Materials/Rocks/M_Cave_Rock_MASTER.uasset" 681
"../../../../../../Git/techStadium/UE4/ts_ue4_stu_202007/90_FinalProject/TrampolineForSpace/Content/SoulCave/Environment/Textures/Rock/T_Cave_Rock_Large02_M.uasset" 682
"../../../../../../Git/techStadium/UE4/ts_ue4_stu_202007/90_FinalProject/TrampolineForSpace/Content/SoulCave/Environment/Textures/Rock/T_Cave_Rock_Large02_N.uasset" 683
"../../../../../../Git/techStadium/UE4/ts_ue4_stu_202007/90_FinalProject/TrampolineForSpace/Content/SoulCave/Environment/Materials/Rocks/MI_Cave_Rock_Large02.uasset" 684
"../../../../../../Git/techStadium/UE4/ts_ue4_stu_202007/90_FinalProject/TrampolineForSpace/Content/SoulCave/Environment/Meshes/Merged/SM_MergedMesh_Cave_Rock_Large02_5.uasset" 685
"../../../../../../Git/techStadium/UE4/ts_ue4_stu_202007/90_FinalProject/TrampolineForSpace/Content/SoulCave/Environment/Meshes/Merged/SM_RiverRocksBIG7.uasset" 686
"../../../../../../Git/techStadium/UE4/ts_ue4_stu_202007/90_FinalProject/TrampolineForSpace/Content/SoulCave/Environment/Meshes/Merged/SM_RiverRocksBIG9.uasset" 687
"../../../../../../Git/techStadium/UE4/ts_ue4_stu_202007/90_FinalProject/TrampolineForSpace/Content/SoulCave/Environment/Textures/Foliage/T_Tree_Aspen_Bark_D.uasset" 688
"../../../../../../Git/techStadium/UE4/ts_ue4_stu_202007/90_FinalProject/TrampolineForSpace/Content/SoulCave/Environment/Materials/Foliage/M_Aspen_Tree_Bark.uasset" 689
"../../../../../../Git/techStadium/UE4/ts_ue4_stu_202007/90_FinalProject/TrampolineForSpace/Content/SoulCave/Environment/Textures/Foliage/T_Foliage_Leaves_D.uasset" 690
"../../../../../../Git/techStadium/UE4/ts_ue4_stu_202007/90_FinalProject/TrampolineForSpace/Content/SoulCave/Environment/Materials/Foliage/M_Aspen_Tree_Unlit_Blowing.uasset" 691
"../../../../../../Git/techStadium/UE4/ts_ue4_stu_202007/90_FinalProject/TrampolineForSpace/Content/SoulCave/Environment/Materials/Foliage/MI_Aspen_Tree_Lit_Blowing.uasset" 692
"../../../../../../Git/techStadium/UE4/ts_ue4_stu_202007/90_FinalProject/TrampolineForSpace/Content/SoulCave/Environment/Meshes/Nature/SM_Aspen_Tree_01.uasset" 693
"../../../Engine/Content/Functions/Engine_MaterialFunctions01/WorldPositionOffset/SimpleGrassWind.uasset" 694
"../../../../../../Git/techStadium/UE4/ts_ue4_stu_202007/90_FinalProject/TrampolineForSpace/Content/SoulCave/Environment/Textures/Foliage/T_Foliage_Leaves_N.uasset" 695
"../../../../../../Git/techStadium/UE4/ts_ue4_stu_202007/90_FinalProject/TrampolineForSpace/Content/SoulCave/Environment/Materials/Nature/M_Soul_Tree02.uasset" 696
"../../../../../../Git/techStadium/UE4/ts_ue4_stu_202007/90_FinalProject/TrampolineForSpace/Content/SoulCave/Environment/Meshes/Nature/SM_S_BuildingSetA_Tree_02_OP02_S_BuildingSetA_Tree_02_OP02.uasset" 697
"../../../../../../Git/techStadium/UE4/ts_ue4_stu_202007/90_FinalProject/TrampolineForSpace/Content/SoulCave/Environment/Meshes/Rocks/SM_Cave_Rock_Large02.uasset" 698
"../../../../../../Git/techStadium/UE4/ts_ue4_stu_202007/90_FinalProject/TrampolineForSpace/Content/SoulCave/Environment/PhysicalMaterials/Stone.uasset" 699
"../../../../../../Git/techStadium/UE4/ts_ue4_stu_202007/90_FinalProject/TrampolineForSpace/Content/SoulCave/Environment/Textures/Rock/T_Cave_Rock_Path_M.uasset" 700
"../../../../../../Git/techStadium/UE4/ts_ue4_stu_202007/90_FinalProject/TrampolineForSpace/Content/SoulCave/Environment/Textures/Rock/T_Cave_Rock_Path_N.uasset" 701
"../../../../../../Git/techStadium/UE4/ts_ue4_stu_202007/90_FinalProject/TrampolineForSpace/Content/SoulCave/Environment/Materials/Rocks/MI_Cave_Rock_Path.uasset" 702
"../../../../../../Git/techStadium/UE4/ts_ue4_stu_202007/90_FinalProject/TrampolineForSpace/Content/SoulCave/Environment/Meshes/Rocks/SM_RockFlatPile.uasset" 703
"../../../../../../Git/techStadium/UE4/ts_ue4_stu_202007/90_FinalProject/TrampolineForSpace/Content/SoulCave/Environment/Meshes/Rocks/SM_RockRamp_Curved_03.uasset" 704
"../../../../../../Git/techStadium/UE4/ts_ue4_stu_202007/90_FinalProject/TrampolineForSpace/Content/SoulCave/Environment/Materials/Water/MF_TangentSpaceFlowUsingVertexUVs.uasset" 705
"../../../../../../Git/techStadium/UE4/ts_ue4_stu_202007/90_FinalProject/TrampolineForSpace/Content/SoulCave/Environment/Textures/Water/T_Environment_Materials_Wet_TilingFlow02_N.uasset" 706
"../../../../../../Git/techStadium/UE4/ts_ue4_stu_202007/90_FinalProject/TrampolineForSpace/Content/SoulCave/Environment/Textures/Water/T_WaterStream0002_2_D.uasset" 707
"../../../../../../Git/techStadium/UE4/ts_ue4_stu_202007/90_FinalProject/TrampolineForSpace/Content/SoulCave/Environment/Textures/Water/T_WaterStream0002_2_L_alpha2_N.uasset" 708
"../../../../../../Git/techStadium/UE4/ts_ue4_stu_202007/90_FinalProject/TrampolineForSpace/Content/SoulCave/Environment/Textures/Water/T_WaterStream0005_D.uasset" 709
"../../../../../../Git/techStadium/UE4/ts_ue4_stu_202007/90_FinalProject/TrampolineForSpace/Content/SoulCave/Environment/Materials/Water/M_River2.uasset" 710
"../../../../../../Git/techStadium/UE4/ts_ue4_stu_202007/90_FinalProject/TrampolineForSpace/Content/SoulCave/Environment/Materials/Water/MI_River02.uasset" 711
"../../../../../../Git/techStadium/UE4/ts_ue4_stu_202007/90_FinalProject/TrampolineForSpace/Content/SoulCave/Environment/Meshes/Water/SM_small_river.uasset" 712
"../../../../../../Git/techStadium/UE4/ts_ue4_stu_202007/90_FinalProject/TrampolineForSpace/Content/SideScrollerBP/Maps/MainMap.umap" 713
"../../../../../../Git/techStadium/UE4/ts_ue4_stu_202007/90_FinalProject/TrampolineForSpace/Content/SideScrollerBP/AudioClips/TitleBGM.uasset" 714
"../../../../../../Git/techStadium/UE4/ts_ue4_stu_202007/90_FinalProject/TrampolineForSpace/Content/SideScrollerBP/AudioClips/TitleBGM_Cue.uasset" 715
"../../../../../../Git/techStadium/UE4/ts_ue4_stu_202007/90_FinalProject/TrampolineForSpace/Content/SideScrollerBP/Maps/TitleMap.umap" 716
